TN:
SF:src/app.ts
FN:44,(anonymous_1)
FNF:1
FNH:0
FNDA:0,(anonymous_1)
DA:1,0
DA:2,0
DA:3,0
DA:4,0
DA:5,0
DA:6,0
DA:7,0
DA:8,0
DA:9,0
DA:10,0
DA:11,0
DA:12,0
DA:13,0
DA:14,0
DA:16,0
DA:17,0
DA:19,0
DA:21,0
DA:22,0
DA:25,0
DA:28,0
DA:29,0
DA:32,0
DA:33,0
DA:34,0
DA:35,0
DA:36,0
DA:37,0
DA:38,0
DA:39,0
DA:41,0
DA:44,0
DA:45,0
DA:46,0
DA:49,0
LF:35
LH:0
BRF:0
BRH:0
end_of_record
TN:
SF:src/constants/profilesTypes.ts
FN:1,(anonymous_0)
FNF:1
FNH:0
FNDA:0,(anonymous_0)
DA:1,0
DA:2,0
DA:3,0
DA:4,0
DA:5,0
DA:6,0
DA:7,0
DA:8,0
DA:9,0
DA:10,0
DA:14,0
DA:21,0
DA:29,0
DA:37,0
LF:14
LH:0
BRDA:1,0,0,0
BRDA:1,0,1,0
BRF:2
BRH:0
end_of_record
TN:
SF:src/controllers/AttendanceController.ts
FN:16,(anonymous_0)
FN:31,(anonymous_1)
FN:56,(anonymous_2)
FN:95,(anonymous_3)
FN:133,(anonymous_4)
FN:171,(anonymous_5)
FN:210,(anonymous_6)
FN:248,(anonymous_7)
FN:318,(anonymous_8)
FN:410,(anonymous_9)
FNF:10
FNH:0
FNDA:0,(anonymous_0)
FNDA:0,(anonymous_1)
FNDA:0,(anonymous_2)
FNDA:0,(anonymous_3)
FNDA:0,(anonymous_4)
FNDA:0,(anonymous_5)
FNDA:0,(anonymous_6)
FNDA:0,(anonymous_7)
FNDA:0,(anonymous_8)
FNDA:0,(anonymous_9)
DA:2,0
DA:3,0
DA:15,0
DA:17,0
DA:18,0
DA:19,0
DA:20,0
DA:21,0
DA:27,0
DA:32,0
DA:34,0
DA:35,0
DA:36,0
DA:41,0
DA:43,0
DA:44,0
DA:45,0
DA:46,0
DA:52,0
DA:57,0
DA:59,0
DA:62,0
DA:63,0
DA:65,0
DA:66,0
DA:71,0
DA:74,0
DA:75,0
DA:80,0
DA:83,0
DA:84,0
DA:85,0
DA:91,0
DA:96,0
DA:97,0
DA:100,0
DA:101,0
DA:103,0
DA:104,0
DA:109,0
DA:112,0
DA:113,0
DA:118,0
DA:121,0
DA:122,0
DA:123,0
DA:129,0
DA:134,0
DA:135,0
DA:138,0
DA:139,0
DA:141,0
DA:142,0
DA:147,0
DA:150,0
DA:151,0
DA:156,0
DA:159,0
DA:160,0
DA:161,0
DA:167,0
DA:172,0
DA:173,0
DA:176,0
DA:177,0
DA:179,0
DA:180,0
DA:185,0
DA:188,0
DA:189,0
DA:194,0
DA:197,0
DA:198,0
DA:199,0
DA:205,0
DA:211,0
DA:212,0
DA:215,0
DA:216,0
DA:218,0
DA:219,0
DA:224,0
DA:227,0
DA:228,0
DA:233,0
DA:236,0
DA:237,0
DA:238,0
DA:244,0
DA:249,0
DA:251,0
DA:252,0
DA:253,0
DA:258,0
DA:262,0
DA:263,0
DA:265,0
DA:266,0
DA:271,0
DA:275,0
DA:277,0
DA:278,0
DA:284,0
DA:290,0
DA:292,0
DA:306,0
DA:307,0
DA:312,0
DA:314,0
DA:319,0
DA:321,0
DA:322,0
DA:323,0
DA:328,0
DA:332,0
DA:333,0
DA:338,0
DA:341,0
DA:342,0
DA:343,0
DA:345,0
DA:346,0
DA:351,0
DA:355,0
DA:356,0
DA:357,0
DA:362,0
DA:365,0
DA:366,0
DA:371,0
DA:375,0
DA:376,0
DA:383,0
DA:389,0
DA:390,0
DA:398,0
DA:399,0
DA:404,0
DA:406,0
DA:411,0
DA:413,0
DA:414,0
DA:415,0
DA:420,0
DA:423,0
DA:425,0
DA:426,0
DA:431,0
DA:434,0
DA:435,0
DA:437,0
DA:438,0
DA:443,0
DA:446,0
DA:447,0
DA:450,0
DA:454,0
DA:460,0
LF:158
LH:0
BRDA:35,0,0,0
BRDA:35,1,0,0
BRDA:35,1,1,0
BRDA:65,2,0,0
BRDA:65,3,0,0
BRDA:65,3,1,0
BRDA:74,4,0,0
BRDA:74,5,0,0
BRDA:74,5,1,0
BRDA:103,6,0,0
BRDA:103,7,0,0
BRDA:103,7,1,0
BRDA:112,8,0,0
BRDA:112,9,0,0
BRDA:112,9,1,0
BRDA:141,10,0,0
BRDA:141,11,0,0
BRDA:141,11,1,0
BRDA:150,12,0,0
BRDA:150,13,0,0
BRDA:150,13,1,0
BRDA:179,14,0,0
BRDA:179,15,0,0
BRDA:179,15,1,0
BRDA:188,16,0,0
BRDA:188,17,0,0
BRDA:188,17,1,0
BRDA:218,18,0,0
BRDA:218,19,0,0
BRDA:218,19,1,0
BRDA:227,20,0,0
BRDA:227,21,0,0
BRDA:227,21,1,0
BRDA:252,22,0,0
BRDA:252,23,0,0
BRDA:252,23,1,0
BRDA:265,24,0,0
BRDA:275,25,0,0
BRDA:275,25,1,0
BRDA:290,26,0,0
BRDA:306,27,0,0
BRDA:306,27,1,0
BRDA:322,28,0,0
BRDA:322,29,0,0
BRDA:322,29,1,0
BRDA:332,30,0,0
BRDA:345,31,0,0
BRDA:355,32,0,0
BRDA:356,33,0,0
BRDA:356,34,0,0
BRDA:356,34,1,0
BRDA:365,35,0,0
BRDA:379,36,0,0
BRDA:379,36,1,0
BRDA:389,37,0,0
BRDA:398,38,0,0
BRDA:398,38,1,0
BRDA:414,39,0,0
BRDA:414,40,0,0
BRDA:414,40,1,0
BRDA:425,41,0,0
BRDA:437,42,0,0
BRDA:450,43,0,0
BRDA:450,43,1,0
BRF:64
BRH:0
end_of_record
TN:
SF:src/controllers/AuthController.ts
FN:9,(anonymous_0)
FN:31,(anonymous_1)
FN:55,(anonymous_2)
FNF:3
FNH:0
FNDA:0,(anonymous_0)
FNDA:0,(anonymous_1)
FNDA:0,(anonymous_2)
DA:2,0
DA:3,0
DA:8,0
DA:10,0
DA:11,0
DA:12,0
DA:13,0
DA:19,0
DA:20,0
DA:25,0
DA:27,0
DA:32,0
DA:33,0
DA:34,0
DA:35,0
DA:36,0
DA:42,0
DA:43,0
DA:48,0
DA:50,0
DA:56,0
DA:57,0
DA:59,0
DA:60,0
DA:65,0
DA:68,0
DA:69,0
DA:71,0
DA:77,0
DA:78,0
DA:83,0
DA:85,0
LF:32
LH:0
BRDA:19,0,0,0
BRDA:42,1,0,0
BRDA:59,2,0,0
BRDA:59,3,0,0
BRDA:59,3,1,0
BRDA:77,4,0,0
BRF:6
BRH:0
end_of_record
TN:
SF:src/controllers/CidController.ts
FN:11,(anonymous_0)
FN:46,(anonymous_1)
FN:78,(anonymous_2)
FN:115,(anonymous_3)
FN:165,(anonymous_4)
FNF:5
FNH:0
FNDA:0,(anonymous_0)
FNDA:0,(anonymous_1)
FNDA:0,(anonymous_2)
FNDA:0,(anonymous_3)
FNDA:0,(anonymous_4)
DA:2,0
DA:3,0
DA:10,0
DA:12,0
DA:14,0
DA:15,0
DA:16,0
DA:21,0
DA:24,0
DA:25,0
DA:26,0
DA:32,0
DA:33,0
DA:34,0
DA:39,0
DA:42,0
DA:47,0
DA:49,0
DA:50,0
DA:51,0
DA:56,0
DA:59,0
DA:60,0
DA:61,0
DA:63,0
DA:74,0
DA:79,0
DA:81,0
DA:82,0
DA:83,0
DA:88,0
DA:91,0
DA:93,0
DA:94,0
DA:99,0
DA:102,0
DA:103,0
DA:105,0
DA:111,0
DA:116,0
DA:118,0
DA:119,0
DA:120,0
DA:125,0
DA:128,0
DA:129,0
DA:130,0
DA:135,0
DA:138,0
DA:139,0
DA:141,0
DA:147,0
DA:148,0
DA:153,0
DA:154,0
DA:159,0
DA:161,0
DA:166,0
DA:168,0
DA:169,0
DA:170,0
DA:175,0
DA:179,0
DA:180,0
DA:181,0
DA:186,0
DA:189,0
DA:190,0
DA:192,0
DA:198,0
DA:199,0
DA:204,0
DA:205,0
DA:210,0
DA:212,0
LF:75
LH:0
BRDA:15,0,0,0
BRDA:15,1,0,0
BRDA:15,1,1,0
BRDA:32,2,0,0
BRDA:33,3,0,0
BRDA:50,4,0,0
BRDA:50,5,0,0
BRDA:50,5,1,0
BRDA:59,6,0,0
BRDA:59,6,1,0
BRDA:82,7,0,0
BRDA:82,8,0,0
BRDA:82,8,1,0
BRDA:93,9,0,0
BRDA:93,10,0,0
BRDA:93,10,1,0
BRDA:119,11,0,0
BRDA:119,12,0,0
BRDA:119,12,1,0
BRDA:129,13,0,0
BRDA:147,14,0,0
BRDA:153,15,0,0
BRDA:153,15,1,0
BRDA:169,16,0,0
BRDA:169,17,0,0
BRDA:169,17,1,0
BRDA:180,18,0,0
BRDA:198,19,0,0
BRDA:204,20,0,0
BRDA:204,20,1,0
BRF:30
BRH:0
end_of_record
TN:
SF:src/controllers/CityController.ts
FN:14,(anonymous_0)
FN:49,(anonymous_1)
FN:70,(anonymous_2)
FN:95,(anonymous_3)
FN:145,(anonymous_4)
FN:195,(anonymous_5)
FNF:6
FNH:0
FNDA:0,(anonymous_0)
FNDA:0,(anonymous_1)
FNDA:0,(anonymous_2)
FNDA:0,(anonymous_3)
FNDA:0,(anonymous_4)
FNDA:0,(anonymous_5)
DA:3,0
DA:4,0
DA:11,0
DA:13,0
DA:15,0
DA:17,0
DA:18,0
DA:19,0
DA:24,0
DA:27,0
DA:28,0
DA:29,0
DA:35,0
DA:36,0
DA:37,0
DA:42,0
DA:45,0
DA:50,0
DA:51,0
DA:52,0
DA:53,0
DA:55,0
DA:66,0
DA:71,0
DA:72,0
DA:73,0
DA:74,0
DA:76,0
DA:77,0
DA:82,0
DA:85,0
DA:91,0
DA:96,0
DA:98,0
DA:99,0
DA:100,0
DA:105,0
DA:108,0
DA:109,0
DA:110,0
DA:115,0
DA:118,0
DA:119,0
DA:121,0
DA:127,0
DA:128,0
DA:133,0
DA:134,0
DA:139,0
DA:141,0
DA:146,0
DA:148,0
DA:149,0
DA:150,0
DA:155,0
DA:158,0
DA:159,0
DA:160,0
DA:165,0
DA:168,0
DA:169,0
DA:171,0
DA:177,0
DA:178,0
DA:183,0
DA:184,0
DA:189,0
DA:191,0
DA:196,0
DA:197,0
DA:199,0
DA:200,0
DA:205,0
DA:208,0
DA:209,0
DA:211,0
DA:217,0
LF:77
LH:0
BRDA:18,0,0,0
BRDA:35,1,0,0
BRDA:36,2,0,0
BRDA:51,3,0,0
BRDA:51,3,1,0
BRDA:76,4,0,0
BRDA:99,5,0,0
BRDA:109,6,0,0
BRDA:127,7,0,0
BRDA:133,8,0,0
BRDA:133,8,1,0
BRDA:149,9,0,0
BRDA:159,10,0,0
BRDA:177,11,0,0
BRDA:183,12,0,0
BRDA:183,12,1,0
BRDA:199,13,0,0
BRDA:199,14,0,0
BRDA:199,14,1,0
BRF:19
BRH:0
end_of_record
TN:
SF:src/controllers/HealthUnitController.ts
FN:14,(anonymous_0)
FN:39,(anonymous_1)
FN:81,(anonymous_2)
FN:118,(anonymous_3)
FN:183,(anonymous_4)
FN:249,(anonymous_5)
FN:317,(anonymous_6)
FNF:7
FNH:0
FNDA:0,(anonymous_0)
FNDA:0,(anonymous_1)
FNDA:0,(anonymous_2)
FNDA:0,(anonymous_3)
FNDA:0,(anonymous_4)
FNDA:0,(anonymous_5)
FNDA:0,(anonymous_6)
DA:2,0
DA:3,0
DA:13,0
DA:15,0
DA:17,0
DA:18,0
DA:19,0
DA:24,0
DA:27,0
DA:28,0
DA:29,0
DA:35,0
DA:40,0
DA:41,0
DA:42,0
DA:44,0
DA:45,0
DA:50,0
DA:53,0
DA:54,0
DA:55,0
DA:57,0
DA:58,0
DA:63,0
DA:66,0
DA:77,0
DA:82,0
DA:83,0
DA:84,0
DA:86,0
DA:87,0
DA:92,0
DA:95,0
DA:96,0
DA:97,0
DA:99,0
DA:100,0
DA:105,0
DA:108,0
DA:114,0
DA:119,0
DA:121,0
DA:122,0
DA:123,0
DA:128,0
DA:131,0
DA:132,0
DA:133,0
DA:138,0
DA:142,0
DA:143,0
DA:144,0
DA:146,0
DA:147,0
DA:152,0
DA:156,0
DA:157,0
DA:159,0
DA:165,0
DA:166,0
DA:171,0
DA:172,0
DA:177,0
DA:179,0
DA:184,0
DA:186,0
DA:187,0
DA:188,0
DA:193,0
DA:197,0
DA:198,0
DA:199,0
DA:204,0
DA:208,0
DA:209,0
DA:210,0
DA:212,0
DA:213,0
DA:218,0
DA:222,0
DA:223,0
DA:225,0
DA:231,0
DA:232,0
DA:237,0
DA:238,0
DA:243,0
DA:245,0
DA:250,0
DA:252,0
DA:253,0
DA:254,0
DA:259,0
DA:262,0
DA:263,0
DA:265,0
DA:266,0
DA:271,0
DA:275,0
DA:276,0
DA:277,0
DA:279,0
DA:280,0
DA:285,0
DA:289,0
DA:290,0
DA:292,0
DA:298,0
DA:299,0
DA:305,0
DA:306,0
DA:311,0
DA:313,0
DA:318,0
DA:320,0
DA:321,0
DA:322,0
DA:327,0
DA:330,0
DA:331,0
DA:333,0
DA:334,0
DA:339,0
DA:343,0
DA:344,0
DA:345,0
DA:347,0
DA:348,0
DA:353,0
DA:357,0
DA:358,0
DA:360,0
DA:366,0
DA:367,0
DA:373,0
DA:374,0
DA:379,0
DA:381,0
LF:138
LH:0
BRDA:18,0,0,0
BRDA:18,1,0,0
BRDA:18,1,1,0
BRDA:44,2,0,0
BRDA:44,3,0,0
BRDA:44,3,1,0
BRDA:53,4,0,0
BRDA:53,4,1,0
BRDA:57,5,0,0
BRDA:86,6,0,0
BRDA:86,7,0,0
BRDA:86,7,1,0
BRDA:99,8,0,0
BRDA:122,9,0,0
BRDA:122,10,0,0
BRDA:122,10,1,0
BRDA:132,11,0,0
BRDA:142,12,0,0
BRDA:142,13,0,0
BRDA:142,13,1,0
BRDA:146,14,0,0
BRDA:165,15,0,0
BRDA:171,16,0,0
BRDA:171,16,1,0
BRDA:187,17,0,0
BRDA:187,18,0,0
BRDA:187,18,1,0
BRDA:198,19,0,0
BRDA:208,20,0,0
BRDA:208,21,0,0
BRDA:208,21,1,0
BRDA:212,22,0,0
BRDA:231,23,0,0
BRDA:237,24,0,0
BRDA:237,24,1,0
BRDA:253,25,0,0
BRDA:253,26,0,0
BRDA:253,26,1,0
BRDA:265,27,0,0
BRDA:265,28,0,0
BRDA:265,28,1,0
BRDA:275,29,0,0
BRDA:275,30,0,0
BRDA:275,30,1,0
BRDA:279,31,0,0
BRDA:298,32,0,0
BRDA:305,33,0,0
BRDA:305,33,1,0
BRDA:321,34,0,0
BRDA:321,35,0,0
BRDA:321,35,1,0
BRDA:333,36,0,0
BRDA:333,37,0,0
BRDA:333,37,1,0
BRDA:343,38,0,0
BRDA:343,39,0,0
BRDA:343,39,1,0
BRDA:347,40,0,0
BRDA:366,41,0,0
BRDA:373,42,0,0
BRDA:373,42,1,0
BRF:61
BRH:0
end_of_record
TN:
SF:src/controllers/PatientAddressController.ts
FN:10,(anonymous_0)
FN:60,(anonymous_1)
FN:107,(anonymous_2)
FN:146,(anonymous_3)
FNF:4
FNH:0
FNDA:0,(anonymous_0)
FNDA:0,(anonymous_1)
FNDA:0,(anonymous_2)
FNDA:0,(anonymous_3)
DA:2,0
DA:3,0
DA:9,0
DA:11,0
DA:12,0
DA:13,0
DA:14,0
DA:19,0
DA:23,0
DA:24,0
DA:25,0
DA:30,0
DA:33,0
DA:34,0
DA:36,0
DA:42,0
DA:43,0
DA:48,0
DA:49,0
DA:54,0
DA:56,0
DA:61,0
DA:62,0
DA:63,0
DA:64,0
DA:69,0
DA:72,0
DA:73,0
DA:75,0
DA:76,0
DA:81,0
DA:84,0
DA:90,0
DA:91,0
DA:95,0
DA:96,0
DA:101,0
DA:103,0
DA:108,0
DA:109,0
DA:110,0
DA:111,0
DA:116,0
DA:119,0
DA:120,0
DA:122,0
DA:128,0
DA:129,0
DA:134,0
DA:135,0
DA:140,0
DA:142,0
DA:147,0
DA:148,0
DA:149,0
DA:150,0
DA:155,0
DA:158,0
DA:159,0
DA:161,0
DA:167,0
DA:168,0
DA:173,0
DA:174,0
DA:179,0
DA:181,0
LF:66
LH:0
BRDA:13,0,0,0
BRDA:24,1,0,0
BRDA:24,2,0,0
BRDA:24,2,1,0
BRDA:24,2,2,0
BRDA:24,2,3,0
BRDA:42,3,0,0
BRDA:48,4,0,0
BRDA:48,4,1,0
BRDA:63,5,0,0
BRDA:75,6,0,0
BRDA:90,7,0,0
BRDA:95,8,0,0
BRDA:95,8,1,0
BRDA:110,9,0,0
BRDA:128,10,0,0
BRDA:134,11,0,0
BRDA:134,11,1,0
BRDA:149,12,0,0
BRDA:167,13,0,0
BRDA:173,14,0,0
BRDA:173,14,1,0
BRF:22
BRH:0
end_of_record
TN:
SF:src/controllers/PatientController.ts
FN:13,(anonymous_0)
FN:27,(anonymous_1)
FN:48,(anonymous_2)
FN:74,(anonymous_3)
FN:95,(anonymous_4)
FN:111,(anonymous_5)
FN:151,(anonymous_6)
FNF:7
FNH:0
FNDA:0,(anonymous_0)
FNDA:0,(anonymous_1)
FNDA:0,(anonymous_2)
FNDA:0,(anonymous_3)
FNDA:0,(anonymous_4)
FNDA:0,(anonymous_5)
FNDA:0,(anonymous_6)
DA:2,0
DA:3,0
DA:12,0
DA:14,0
DA:15,0
DA:16,0
DA:17,0
DA:23,0
DA:28,0
DA:29,0
DA:30,0
DA:31,0
DA:33,0
DA:44,0
DA:49,0
DA:50,0
DA:51,0
DA:52,0
DA:54,0
DA:55,0
DA:60,0
DA:63,0
DA:69,0
DA:75,0
DA:76,0
DA:77,0
DA:78,0
DA:80,0
DA:81,0
DA:82,0
DA:85,0
DA:91,0
DA:96,0
DA:97,0
DA:98,0
DA:99,0
DA:100,0
DA:106,0
DA:112,0
DA:113,0
DA:114,0
DA:115,0
DA:120,0
DA:123,0
DA:124,0
DA:126,0
DA:132,0
DA:133,0
DA:139,0
DA:140,0
DA:145,0
DA:147,0
DA:152,0
DA:153,0
DA:154,0
DA:155,0
DA:160,0
DA:163,0
DA:164,0
DA:166,0
DA:172,0
DA:173,0
DA:178,0
DA:179,0
DA:184,0
DA:186,0
LF:66
LH:0
BRDA:29,0,0,0
BRDA:29,0,1,0
BRDA:54,1,0,0
BRDA:80,2,0,0
BRDA:114,3,0,0
BRDA:132,4,0,0
BRDA:139,5,0,0
BRDA:139,5,1,0
BRDA:154,6,0,0
BRDA:172,7,0,0
BRDA:178,8,0,0
BRDA:178,8,1,0
BRF:12
BRH:0
end_of_record
TN:
SF:src/controllers/ProfessionalAddressController.ts
FN:10,(anonymous_0)
FN:71,(anonymous_1)
FN:109,(anonymous_2)
FN:159,(anonymous_3)
FNF:4
FNH:0
FNDA:0,(anonymous_0)
FNDA:0,(anonymous_1)
FNDA:0,(anonymous_2)
FNDA:0,(anonymous_3)
DA:2,0
DA:3,0
DA:9,0
DA:11,0
DA:13,0
DA:14,0
DA:15,0
DA:20,0
DA:23,0
DA:24,0
DA:25,0
DA:30,0
DA:34,0
DA:35,0
DA:36,0
DA:41,0
DA:44,0
DA:45,0
DA:47,0
DA:53,0
DA:54,0
DA:59,0
DA:60,0
DA:65,0
DA:67,0
DA:72,0
DA:73,0
DA:74,0
DA:75,0
DA:80,0
DA:83,0
DA:84,0
DA:86,0
DA:92,0
DA:93,0
DA:97,0
DA:98,0
DA:103,0
DA:105,0
DA:110,0
DA:112,0
DA:113,0
DA:114,0
DA:119,0
DA:122,0
DA:123,0
DA:124,0
DA:129,0
DA:132,0
DA:133,0
DA:135,0
DA:141,0
DA:142,0
DA:147,0
DA:148,0
DA:153,0
DA:155,0
DA:160,0
DA:162,0
DA:163,0
DA:164,0
DA:169,0
DA:172,0
DA:173,0
DA:174,0
DA:179,0
DA:182,0
DA:183,0
DA:185,0
DA:191,0
DA:192,0
DA:197,0
DA:198,0
DA:203,0
DA:205,0
LF:75
LH:0
BRDA:14,0,0,0
BRDA:14,1,0,0
BRDA:14,1,1,0
BRDA:14,1,2,0
BRDA:24,2,0,0
BRDA:35,3,0,0
BRDA:35,4,0,0
BRDA:35,4,1,0
BRDA:35,4,2,0
BRDA:35,4,3,0
BRDA:53,5,0,0
BRDA:59,6,0,0
BRDA:59,6,1,0
BRDA:74,7,0,0
BRDA:92,8,0,0
BRDA:97,9,0,0
BRDA:97,9,1,0
BRDA:113,10,0,0
BRDA:113,11,0,0
BRDA:113,11,1,0
BRDA:113,11,2,0
BRDA:123,12,0,0
BRDA:141,13,0,0
BRDA:147,14,0,0
BRDA:147,14,1,0
BRDA:163,15,0,0
BRDA:163,16,0,0
BRDA:163,16,1,0
BRDA:163,16,2,0
BRDA:173,17,0,0
BRDA:191,18,0,0
BRDA:197,19,0,0
BRDA:197,19,1,0
BRF:33
BRH:0
end_of_record
TN:
SF:src/controllers/ProfessionalController.ts
FN:15,(anonymous_0)
FN:93,(anonymous_1)
FN:114,(anonymous_2)
FN:139,(anonymous_3)
FN:154,(anonymous_4)
FN:179,(anonymous_5)
FN:236,(anonymous_6)
FNF:7
FNH:0
FNDA:0,(anonymous_0)
FNDA:0,(anonymous_1)
FNDA:0,(anonymous_2)
FNDA:0,(anonymous_3)
FNDA:0,(anonymous_4)
FNDA:0,(anonymous_5)
FNDA:0,(anonymous_6)
DA:2,0
DA:3,0
DA:13,0
DA:16,0
DA:18,0
DA:19,0
DA:21,0
DA:22,0
DA:27,0
DA:31,0
DA:32,0
DA:33,0
DA:34,0
DA:36,0
DA:42,0
DA:43,0
DA:49,0
DA:50,0
DA:55,0
DA:57,0
DA:61,0
DA:62,0
DA:63,0
DA:65,0
DA:71,0
DA:72,0
DA:77,0
DA:78,0
DA:83,0
DA:85,0
DA:89,0
DA:94,0
DA:95,0
DA:96,0
DA:97,0
DA:99,0
DA:110,0
DA:115,0
DA:116,0
DA:117,0
DA:118,0
DA:120,0
DA:121,0
DA:126,0
DA:129,0
DA:135,0
DA:140,0
DA:141,0
DA:142,0
DA:143,0
DA:144,0
DA:150,0
DA:155,0
DA:156,0
DA:157,0
DA:158,0
DA:160,0
DA:161,0
DA:166,0
DA:169,0
DA:175,0
DA:180,0
DA:182,0
DA:183,0
DA:184,0
DA:189,0
DA:192,0
DA:194,0
DA:195,0
DA:198,0
DA:199,0
DA:200,0
DA:205,0
DA:208,0
DA:209,0
DA:211,0
DA:217,0
DA:218,0
DA:224,0
DA:225,0
DA:230,0
DA:232,0
DA:237,0
DA:239,0
DA:240,0
DA:241,0
DA:246,0
DA:249,0
DA:250,0
DA:251,0
DA:256,0
DA:259,0
DA:261,0
DA:262,0
DA:267,0
DA:270,0
DA:271,0
DA:273,0
DA:279,0
DA:280,0
DA:285,0
DA:286,0
DA:291,0
DA:293,0
LF:104
LH:0
BRDA:21,0,0,0
BRDA:21,1,0,0
BRDA:21,1,1,0
BRDA:21,1,2,0
BRDA:31,2,0,0
BRDA:31,2,1,0
BRDA:31,3,0,0
BRDA:31,3,1,0
BRDA:42,4,0,0
BRDA:49,5,0,0
BRDA:49,5,1,0
BRDA:71,6,0,0
BRDA:77,7,0,0
BRDA:77,7,1,0
BRDA:95,8,0,0
BRDA:95,8,1,0
BRDA:120,9,0,0
BRDA:160,10,0,0
BRDA:183,11,0,0
BRDA:183,12,0,0
BRDA:183,12,1,0
BRDA:183,12,2,0
BRDA:194,13,0,0
BRDA:199,14,0,0
BRDA:217,15,0,0
BRDA:224,16,0,0
BRDA:224,16,1,0
BRDA:240,17,0,0
BRDA:240,18,0,0
BRDA:240,18,1,0
BRDA:240,18,2,0
BRDA:250,19,0,0
BRDA:261,20,0,0
BRDA:279,21,0,0
BRDA:285,22,0,0
BRDA:285,22,1,0
BRF:36
BRH:0
end_of_record
TN:
SF:src/controllers/ReportController.ts
FN:12,(anonymous_0)
FN:60,(anonymous_1)
FN:113,(anonymous_2)
FNF:3
FNH:0
FNDA:0,(anonymous_0)
FNDA:0,(anonymous_1)
FNDA:0,(anonymous_2)
DA:2,0
DA:3,0
DA:8,0
DA:10,0
DA:13,0
DA:14,0
DA:26,0
DA:27,0
DA:29,0
DA:30,0
DA:35,0
DA:38,0
DA:39,0
DA:41,0
DA:47,0
DA:48,0
DA:53,0
DA:55,0
DA:61,0
DA:62,0
DA:63,0
DA:73,0
DA:74,0
DA:75,0
DA:76,0
DA:81,0
DA:84,0
DA:85,0
DA:87,0
DA:93,0
DA:94,0
DA:100,0
DA:101,0
DA:106,0
DA:108,0
DA:114,0
DA:115,0
DA:116,0
DA:126,0
DA:127,0
DA:129,0
DA:130,0
DA:135,0
DA:138,0
DA:139,0
DA:141,0
DA:147,0
DA:148,0
DA:154,0
DA:155,0
DA:160,0
DA:162,0
LF:52
LH:0
BRDA:29,0,0,0
BRDA:29,1,0,0
BRDA:29,1,1,0
BRDA:47,2,0,0
BRDA:69,3,0,0
BRDA:69,3,1,0
BRDA:75,4,0,0
BRDA:93,5,0,0
BRDA:100,6,0,0
BRDA:100,6,1,0
BRDA:122,7,0,0
BRDA:122,7,1,0
BRDA:129,8,0,0
BRDA:147,9,0,0
BRDA:154,10,0,0
BRDA:154,10,1,0
BRF:16
BRH:0
end_of_record
TN:
SF:src/middleware/apiLeyMiddleware.ts
FN:5,(anonymous_0)
FNF:1
FNH:0
FNDA:0,(anonymous_0)
DA:3,0
DA:5,0
DA:6,0
DA:8,0
DA:9,0
DA:12,0
DA:13,0
DA:14,0
DA:16,0
LF:9
LH:0
BRDA:8,0,0,0
BRDA:12,1,0,0
BRF:2
BRH:0
end_of_record
TN:
SF:src/middleware/authMiddleware.ts
FN:15,(anonymous_1)
FNF:1
FNH:0
FNDA:0,(anonymous_1)
DA:2,0
DA:5,0
DA:15,0
DA:16,0
DA:18,0
DA:19,0
DA:22,0
DA:23,0
DA:26,0
DA:28,0
DA:29,0
DA:32,0
DA:33,0
DA:35,0
DA:37,0
DA:38,0
DA:41,0
DA:48,0
DA:50,0
DA:51,0
DA:53,0
DA:54,0
DA:56,0
LF:23
LH:0
BRDA:18,0,0,0
BRDA:22,1,0,0
BRDA:28,2,0,0
BRDA:37,3,0,0
BRDA:50,4,0,0
BRDA:53,5,0,0
BRF:6
BRH:0
end_of_record
TN:
SF:src/middleware/authorizationMiddleware.ts
FN:8,authorizeRoles
FN:9,(anonymous_1)
FN:33,authorizeHealthUnit
FN:34,(anonymous_3)
FN:69,(anonymous_4)
FN:93,(anonymous_5)
FN:116,authorizeCity
FN:117,(anonymous_7)
FN:168,(anonymous_8)
FN:191,authorizeProfessionalManagement
FN:192,(anonymous_10)
FN:217,canManageProfessional
FN:218,(anonymous_12)
FN:276,(anonymous_13)
FN:301,(anonymous_14)
FN:302,(anonymous_15)
FNF:16
FNH:0
FNDA:0,authorizeRoles
FNDA:0,(anonymous_1)
FNDA:0,authorizeHealthUnit
FNDA:0,(anonymous_3)
FNDA:0,(anonymous_4)
FNDA:0,(anonymous_5)
FNDA:0,authorizeCity
FNDA:0,(anonymous_7)
FNDA:0,(anonymous_8)
FNDA:0,authorizeProfessionalManagement
FNDA:0,(anonymous_10)
FNDA:0,canManageProfessional
FNDA:0,(anonymous_12)
FNDA:0,(anonymous_13)
FNDA:0,(anonymous_14)
FNDA:0,(anonymous_15)
DA:2,0
DA:3,0
DA:5,0
DA:8,0
DA:9,0
DA:10,0
DA:11,0
DA:18,0
DA:20,0
DA:21,0
DA:28,0
DA:33,0
DA:34,0
DA:35,0
DA:36,0
DA:43,0
DA:44,0
DA:45,0
DA:48,0
DA:49,0
DA:52,0
DA:54,0
DA:56,0
DA:61,0
DA:62,0
DA:69,0
DA:70,0
DA:71,0
DA:80,0
DA:85,0
DA:86,0
DA:93,0
DA:94,0
DA:95,0
DA:103,0
DA:105,0
DA:106,0
DA:116,0
DA:117,0
DA:118,0
DA:119,0
DA:126,0
DA:127,0
DA:128,0
DA:131,0
DA:132,0
DA:135,0
DA:136,0
DA:138,0
DA:142,0
DA:143,0
DA:151,0
DA:160,0
DA:161,0
DA:168,0
DA:169,0
DA:170,0
DA:178,0
DA:180,0
DA:181,0
DA:191,0
DA:192,0
DA:193,0
DA:194,0
DA:201,0
DA:204,0
DA:205,0
DA:212,0
DA:217,0
DA:218,0
DA:219,0
DA:220,0
DA:227,0
DA:228,0
DA:229,0
DA:232,0
DA:233,0
DA:237,0
DA:238,0
DA:241,0
DA:243,0
DA:251,0
DA:252,0
DA:260,0
DA:261,0
DA:266,0
DA:267,0
DA:275,0
DA:276,0
DA:278,0
DA:279,0
DA:287,0
DA:288,0
DA:293,0
DA:294,0
DA:301,0
DA:302,0
DA:303,0
DA:306,0
DA:307,0
DA:315,0
DA:317,0
DA:318,0
LF:103
LH:0
BRDA:10,0,0,0
BRDA:20,1,0,0
BRDA:35,2,0,0
BRDA:48,3,0,0
BRDA:54,4,0,0
BRDA:54,4,1,0
BRDA:61,5,0,0
BRDA:70,6,0,0
BRDA:85,7,0,0
BRDA:94,8,0,0
BRDA:118,9,0,0
BRDA:131,10,0,0
BRDA:136,11,0,0
BRDA:136,11,1,0
BRDA:142,12,0,0
BRDA:142,13,0,0
BRDA:142,13,1,0
BRDA:160,14,0,0
BRDA:160,15,0,0
BRDA:160,15,1,0
BRDA:169,16,0,0
BRDA:193,17,0,0
BRDA:204,18,0,0
BRDA:219,19,0,0
BRDA:232,20,0,0
BRDA:237,21,0,0
BRDA:251,22,0,0
BRDA:260,23,0,0
BRDA:260,23,1,0
BRDA:266,24,0,0
BRDA:275,25,0,0
BRDA:275,25,1,0
BRDA:278,26,0,0
BRDA:287,27,0,0
BRDA:293,28,0,0
BRDA:293,29,0,0
BRDA:293,29,1,0
BRDA:306,30,0,0
BRF:38
BRH:0
end_of_record
TN:
SF:src/middleware/roleMiddleware.ts
FN:6,roleMiddleware
FN:7,(anonymous_1)
FN:48,localAdminMiddleware
FN:49,(anonymous_3)
FNF:4
FNH:0
FNDA:0,roleMiddleware
FNDA:0,(anonymous_1)
FNDA:0,localAdminMiddleware
FNDA:0,(anonymous_3)
DA:2,0
DA:3,0
DA:6,0
DA:7,0
DA:9,0
DA:10,0
DA:19,0
DA:20,0
DA:21,0
DA:22,0
DA:24,0
DA:25,0
DA:27,0
DA:28,0
DA:33,0
DA:34,0
DA:42,0
DA:48,0
DA:49,0
DA:51,0
DA:52,0
DA:56,0
DA:57,0
DA:58,0
DA:60,0
DA:61,0
DA:63,0
DA:64,0
DA:71,0
DA:73,0
DA:74,0
LF:31
LH:0
BRDA:9,0,0,0
BRDA:20,1,0,0
BRDA:21,2,0,0
BRDA:24,3,0,0
BRDA:27,4,0,0
BRDA:33,5,0,0
BRDA:51,6,0,0
BRDA:63,7,0,0
BRF:8
BRH:0
end_of_record
TN:
SF:src/repositories/AttendanceRepository.ts
FN:9,(anonymous_2)
FN:13,(anonymous_3)
FN:28,(anonymous_4)
FN:68,(anonymous_5)
FN:82,(anonymous_6)
FN:92,(anonymous_7)
FN:114,(anonymous_8)
FN:166,(anonymous_9)
FN:208,(anonymous_10)
FN:264,(anonymous_11)
FN:272,(anonymous_12)
FNF:11
FNH:0
FNDA:0,(anonymous_2)
FNDA:0,(anonymous_3)
FNDA:0,(anonymous_4)
FNDA:0,(anonymous_5)
FNDA:0,(anonymous_6)
FNDA:0,(anonymous_7)
FNDA:0,(anonymous_8)
FNDA:0,(anonymous_9)
FNDA:0,(anonymous_10)
FNDA:0,(anonymous_11)
FNDA:0,(anonymous_12)
DA:2,0
DA:3,0
DA:6,0
DA:10,0
DA:14,0
DA:35,0
DA:40,0
DA:41,0
DA:45,0
DA:46,0
DA:50,0
DA:51,0
DA:56,0
DA:69,0
DA:83,0
DA:99,0
DA:102,0
DA:110,0
DA:111,0
DA:114,0
DA:116,0
DA:131,0
DA:142,0
DA:143,0
DA:147,0
DA:152,0
DA:162,0
DA:168,0
DA:176,0
DA:177,0
DA:181,0
DA:194,0
DA:205,0
DA:215,0
DA:218,0
DA:224,0
DA:225,0
DA:229,0
DA:241,0
DA:242,0
DA:247,0
DA:248,0
DA:255,0
DA:265,0
DA:273,0
LF:45
LH:0
BRDA:28,0,0,0
BRDA:36,1,0,0
BRDA:36,1,1,0
BRDA:40,2,0,0
BRDA:45,3,0,0
BRDA:50,4,0,0
BRDA:110,5,0,0
BRDA:138,6,0,0
BRDA:138,6,1,0
BRDA:142,7,0,0
BRDA:176,8,0,0
BRDA:224,9,0,0
BRDA:241,10,0,0
BRDA:241,10,1,0
BRDA:247,11,0,0
BRF:15
BRH:0
end_of_record
TN:
SF:src/repositories/CidRepository.ts
FN:10,(anonymous_2)
FN:14,(anonymous_3)
FN:21,(anonymous_4)
FN:45,(anonymous_5)
FN:51,(anonymous_6)
FN:57,(anonymous_7)
FN:72,(anonymous_8)
FN:82,(anonymous_9)
FNF:8
FNH:0
FNDA:0,(anonymous_2)
FNDA:0,(anonymous_3)
FNDA:0,(anonymous_4)
FNDA:0,(anonymous_5)
FNDA:0,(anonymous_6)
FNDA:0,(anonymous_7)
FNDA:0,(anonymous_8)
FNDA:0,(anonymous_9)
DA:1,0
DA:2,0
DA:6,0
DA:8,0
DA:11,0
DA:18,0
DA:22,0
DA:24,0
DA:35,0
DA:37,0
DA:46,0
DA:52,0
DA:58,0
DA:76,0
DA:84,0
DA:88,0
DA:89,0
DA:92,0
LF:18
LH:0
BRDA:88,0,0,0
BRF:1
BRH:0
end_of_record
TN:
SF:src/repositories/CityRepository.ts
FN:12,(anonymous_2)
FN:16,(anonymous_3)
FN:23,(anonymous_4)
FN:56,(anonymous_5)
FN:70,(anonymous_6)
FN:88,(anonymous_7)
FN:107,(anonymous_8)
FN:122,(anonymous_9)
FN:138,(anonymous_10)
FN:154,(anonymous_11)
FN:171,(anonymous_12)
FNF:11
FNH:0
FNDA:0,(anonymous_2)
FNDA:0,(anonymous_3)
FNDA:0,(anonymous_4)
FNDA:0,(anonymous_5)
FNDA:0,(anonymous_6)
FNDA:0,(anonymous_7)
FNDA:0,(anonymous_8)
FNDA:0,(anonymous_9)
FNDA:0,(anonymous_10)
FNDA:0,(anonymous_11)
FNDA:0,(anonymous_12)
DA:1,0
DA:2,0
DA:8,0
DA:10,0
DA:13,0
DA:20,0
DA:24,0
DA:26,0
DA:46,0
DA:48,0
DA:57,0
DA:74,0
DA:90,0
DA:98,0
DA:99,0
DA:102,0
DA:108,0
DA:123,0
DA:139,0
DA:151,0
DA:155,0
DA:172,0
LF:22
LH:0
BRDA:98,0,0,0
BRDA:98,1,0,0
BRDA:98,1,1,0
BRDA:98,1,2,0
BRDA:151,2,0,0
BRDA:151,2,1,0
BRF:6
BRH:0
end_of_record
TN:
SF:src/repositories/HealthUnitAddressRepository.ts
FN:9,(anonymous_2)
FN:13,(anonymous_3)
FN:35,(anonymous_4)
FN:45,(anonymous_5)
FN:54,(anonymous_6)
FN:78,(anonymous_7)
FNF:6
FNH:0
FNDA:0,(anonymous_2)
FNDA:0,(anonymous_3)
FNDA:0,(anonymous_4)
FNDA:0,(anonymous_5)
FNDA:0,(anonymous_6)
FNDA:0,(anonymous_7)
DA:1,0
DA:2,0
DA:6,0
DA:10,0
DA:15,0
DA:16,0
DA:22,0
DA:36,0
DA:46,0
DA:55,0
DA:57,0
DA:58,0
DA:62,0
DA:63,0
DA:72,0
DA:79,0
DA:83,0
DA:84,0
DA:88,0
DA:93,0
DA:94,0
DA:98,0
DA:99,0
DA:106,0
DA:107,0
DA:114,0
LF:26
LH:0
BRDA:15,0,0,0
BRDA:30,1,0,0
BRDA:30,1,1,0
BRDA:57,2,0,0
BRDA:62,3,0,0
BRDA:83,4,0,0
BRDA:93,5,0,0
BRDA:93,6,0,0
BRDA:93,6,1,0
BRDA:98,7,0,0
BRDA:98,8,0,0
BRDA:98,8,1,0
BRDA:106,9,0,0
BRF:13
BRH:0
end_of_record
TN:
SF:src/repositories/HealthUnitRepository.ts
FN:13,(anonymous_2)
FN:17,(anonymous_3)
FN:18,(anonymous_4)
FN:27,(anonymous_5)
FN:58,(anonymous_6)
FN:90,(anonymous_7)
FN:100,(anonymous_8)
FN:112,(anonymous_9)
FN:124,(anonymous_10)
FN:131,(anonymous_11)
FN:145,(anonymous_12)
FN:161,(anonymous_13)
FN:174,(anonymous_14)
FN:186,(anonymous_15)
FN:198,(anonymous_16)
FN:209,(anonymous_17)
FNF:16
FNH:0
FNDA:0,(anonymous_2)
FNDA:0,(anonymous_3)
FNDA:0,(anonymous_4)
FNDA:0,(anonymous_5)
FNDA:0,(anonymous_6)
FNDA:0,(anonymous_7)
FNDA:0,(anonymous_8)
FNDA:0,(anonymous_9)
FNDA:0,(anonymous_10)
FNDA:0,(anonymous_11)
FNDA:0,(anonymous_12)
FNDA:0,(anonymous_13)
FNDA:0,(anonymous_14)
FNDA:0,(anonymous_15)
FNDA:0,(anonymous_16)
FNDA:0,(anonymous_17)
DA:1,0
DA:2,0
DA:9,0
DA:11,0
DA:14,0
DA:18,0
DA:19,0
DA:20,0
DA:21,0
DA:23,0
DA:28,0
DA:31,0
DA:48,0
DA:50,0
DA:59,0
DA:62,0
DA:80,0
DA:82,0
DA:91,0
DA:101,0
DA:113,0
DA:125,0
DA:132,0
DA:147,0
DA:152,0
DA:153,0
DA:156,0
DA:162,0
DA:175,0
DA:187,0
DA:206,0
DA:210,0
DA:212,0
DA:226,0
DA:228,0
LF:35
LH:0
BRDA:20,0,0,0
BRDA:152,1,0,0
BRDA:152,2,0,0
BRDA:152,2,1,0
BRF:4
BRH:0
end_of_record
TN:
SF:src/repositories/PatientAddressRepository.ts
FN:9,(anonymous_2)
FN:13,(anonymous_3)
FN:37,(anonymous_4)
FN:47,(anonymous_5)
FN:56,(anonymous_6)
FN:80,(anonymous_7)
FNF:6
FNH:0
FNDA:0,(anonymous_2)
FNDA:0,(anonymous_3)
FNDA:0,(anonymous_4)
FNDA:0,(anonymous_5)
FNDA:0,(anonymous_6)
FNDA:0,(anonymous_7)
DA:1,0
DA:2,0
DA:6,0
DA:10,0
DA:15,0
DA:16,0
DA:22,0
DA:38,0
DA:48,0
DA:57,0
DA:59,0
DA:60,0
DA:64,0
DA:65,0
DA:74,0
DA:81,0
DA:86,0
DA:87,0
DA:91,0
DA:96,0
DA:97,0
DA:101,0
DA:102,0
DA:109,0
DA:110,0
DA:117,0
LF:26
LH:0
BRDA:15,0,0,0
BRDA:32,1,0,0
BRDA:32,1,1,0
BRDA:59,2,0,0
BRDA:64,3,0,0
BRDA:86,4,0,0
BRDA:96,5,0,0
BRDA:96,6,0,0
BRDA:96,6,1,0
BRDA:101,7,0,0
BRDA:101,8,0,0
BRDA:101,8,1,0
BRDA:109,9,0,0
BRF:13
BRH:0
end_of_record
TN:
SF:src/repositories/PatientRepository.ts
FN:12,(anonymous_2)
FN:16,(anonymous_3)
FN:17,(anonymous_4)
FN:26,(anonymous_5)
FN:57,(anonymous_6)
FN:67,(anonymous_7)
FN:96,(anonymous_8)
FN:113,(anonymous_9)
FN:134,(anonymous_10)
FNF:9
FNH:0
FNDA:0,(anonymous_2)
FNDA:0,(anonymous_3)
FNDA:0,(anonymous_4)
FNDA:0,(anonymous_5)
FNDA:0,(anonymous_6)
FNDA:0,(anonymous_7)
FNDA:0,(anonymous_8)
FNDA:0,(anonymous_9)
FNDA:0,(anonymous_10)
DA:1,0
DA:2,0
DA:8,0
DA:10,0
DA:13,0
DA:17,0
DA:18,0
DA:19,0
DA:20,0
DA:22,0
DA:27,0
DA:30,0
DA:47,0
DA:49,0
DA:58,0
DA:69,0
DA:78,0
DA:79,0
DA:83,0
DA:87,0
DA:88,0
DA:91,0
DA:97,0
DA:122,0
DA:135,0
LF:25
LH:0
BRDA:19,0,0,0
BRDA:78,1,0,0
BRDA:87,2,0,0
BRF:3
BRH:0
end_of_record
TN:
SF:src/repositories/ProfessionalAddressRepository.ts
FN:9,(anonymous_2)
FN:13,(anonymous_3)
FN:37,(anonymous_4)
FN:47,(anonymous_5)
FN:56,(anonymous_6)
FN:80,(anonymous_7)
FNF:6
FNH:0
FNDA:0,(anonymous_2)
FNDA:0,(anonymous_3)
FNDA:0,(anonymous_4)
FNDA:0,(anonymous_5)
FNDA:0,(anonymous_6)
FNDA:0,(anonymous_7)
DA:1,0
DA:2,0
DA:6,0
DA:10,0
DA:15,0
DA:16,0
DA:22,0
DA:38,0
DA:48,0
DA:57,0
DA:59,0
DA:60,0
DA:64,0
DA:65,0
DA:74,0
DA:81,0
DA:86,0
DA:87,0
DA:91,0
DA:96,0
DA:97,0
DA:101,0
DA:102,0
DA:109,0
DA:110,0
DA:117,0
LF:26
LH:0
BRDA:15,0,0,0
BRDA:32,1,0,0
BRDA:32,1,1,0
BRDA:59,2,0,0
BRDA:64,3,0,0
BRDA:86,4,0,0
BRDA:96,5,0,0
BRDA:96,6,0,0
BRDA:96,6,1,0
BRDA:101,7,0,0
BRDA:101,8,0,0
BRDA:101,8,1,0
BRDA:109,9,0,0
BRF:13
BRH:0
end_of_record
TN:
SF:src/repositories/ProfessionalRepository.ts
FN:13,(anonymous_2)
FN:18,(anonymous_3)
FN:19,(anonymous_4)
FN:29,(anonymous_5)
FN:37,(anonymous_6)
FN:62,(anonymous_7)
FN:72,(anonymous_8)
FN:88,(anonymous_9)
FN:91,(anonymous_10)
FN:101,(anonymous_11)
FN:115,(anonymous_12)
FN:118,(anonymous_13)
FN:130,(anonymous_14)
FN:137,(anonymous_15)
FN:144,(anonymous_16)
FN:156,(anonymous_17)
FN:162,(anonymous_18)
FN:169,(anonymous_19)
FN:181,(anonymous_20)
FN:191,(anonymous_21)
FN:201,(anonymous_22)
FN:204,(anonymous_23)
FNF:22
FNH:0
FNDA:0,(anonymous_2)
FNDA:0,(anonymous_3)
FNDA:0,(anonymous_4)
FNDA:0,(anonymous_5)
FNDA:0,(anonymous_6)
FNDA:0,(anonymous_7)
FNDA:0,(anonymous_8)
FNDA:0,(anonymous_9)
FNDA:0,(anonymous_10)
FNDA:0,(anonymous_11)
FNDA:0,(anonymous_12)
FNDA:0,(anonymous_13)
FNDA:0,(anonymous_14)
FNDA:0,(anonymous_15)
FNDA:0,(anonymous_16)
FNDA:0,(anonymous_17)
FNDA:0,(anonymous_18)
FNDA:0,(anonymous_19)
FNDA:0,(anonymous_20)
FNDA:0,(anonymous_21)
FNDA:0,(anonymous_22)
FNDA:0,(anonymous_23)
DA:1,0
DA:2,0
DA:9,0
DA:11,0
DA:14,0
DA:19,0
DA:20,0
DA:21,0
DA:22,0
DA:24,0
DA:30,0
DA:38,0
DA:41,0
DA:59,0
DA:62,0
DA:64,0
DA:73,0
DA:88,0
DA:92,0
DA:102,0
DA:111,0
DA:112,0
DA:115,0
DA:119,0
DA:131,0
DA:138,0
DA:145,0
DA:157,0
DA:163,0
DA:170,0
DA:178,0
DA:182,0
DA:192,0
DA:197,0
DA:198,0
DA:201,0
DA:205,0
DA:214,0
LF:38
LH:0
BRDA:21,0,0,0
BRDA:111,1,0,0
BRDA:111,2,0,0
BRDA:111,2,1,0
BRDA:111,2,2,0
BRDA:197,3,0,0
BRDA:197,4,0,0
BRDA:197,4,1,0
BRDA:214,5,0,0
BRDA:214,5,1,0
BRF:10
BRH:0
end_of_record
TN:
SF:src/routes/attendanceRoutes.ts
FN:8,(anonymous_0)
FN:13,(anonymous_1)
FN:18,(anonymous_2)
FN:23,(anonymous_3)
FN:28,(anonymous_4)
FN:33,(anonymous_5)
FN:38,(anonymous_6)
FN:43,(anonymous_7)
FN:48,(anonymous_8)
FN:53,(anonymous_9)
FNF:10
FNH:0
FNDA:0,(anonymous_0)
FNDA:0,(anonymous_1)
FNDA:0,(anonymous_2)
FNDA:0,(anonymous_3)
FNDA:0,(anonymous_4)
FNDA:0,(anonymous_5)
FNDA:0,(anonymous_6)
FNDA:0,(anonymous_7)
FNDA:0,(anonymous_8)
FNDA:0,(anonymous_9)
DA:1,0
DA:2,0
DA:4,0
DA:5,0
DA:7,0
DA:9,0
DA:12,0
DA:14,0
DA:17,0
DA:19,0
DA:22,0
DA:24,0
DA:27,0
DA:29,0
DA:32,0
DA:34,0
DA:37,0
DA:39,0
DA:42,0
DA:44,0
DA:47,0
DA:49,0
DA:52,0
DA:54,0
DA:57,0
LF:25
LH:0
BRF:0
BRH:0
end_of_record
TN:
SF:src/routes/authRoutes.ts
FN:8,(anonymous_0)
FN:13,(anonymous_1)
FN:18,(anonymous_2)
FNF:3
FNH:0
FNDA:0,(anonymous_0)
FNDA:0,(anonymous_1)
FNDA:0,(anonymous_2)
DA:1,0
DA:2,0
DA:4,0
DA:5,0
DA:7,0
DA:9,0
DA:12,0
DA:14,0
DA:17,0
DA:19,0
DA:22,0
LF:11
LH:0
BRF:0
BRH:0
end_of_record
TN:
SF:src/routes/cidRoutes.ts
FN:10,(anonymous_0)
FN:15,(anonymous_1)
FN:20,(anonymous_2)
FN:26,(anonymous_3)
FN:32,(anonymous_4)
FNF:5
FNH:0
FNDA:0,(anonymous_0)
FNDA:0,(anonymous_1)
FNDA:0,(anonymous_2)
FNDA:0,(anonymous_3)
FNDA:0,(anonymous_4)
DA:1,0
DA:2,0
DA:3,0
DA:5,0
DA:6,0
DA:8,0
DA:11,0
DA:14,0
DA:16,0
DA:19,0
DA:21,0
DA:24,0
DA:27,0
DA:30,0
DA:33,0
DA:36,0
LF:16
LH:0
BRF:0
BRH:0
end_of_record
TN:
SF:src/routes/cityRoutes.ts
FN:12,(anonymous_0)
FN:22,(anonymous_1)
FN:33,(anonymous_2)
FN:44,(anonymous_3)
FN:51,(anonymous_4)
FN:52,(anonymous_5)
FN:59,(anonymous_6)
FN:60,(anonymous_7)
FNF:8
FNH:0
FNDA:0,(anonymous_0)
FNDA:0,(anonymous_1)
FNDA:0,(anonymous_2)
FNDA:0,(anonymous_3)
FNDA:0,(anonymous_4)
FNDA:0,(anonymous_5)
FNDA:0,(anonymous_6)
FNDA:0,(anonymous_7)
DA:1,0
DA:2,0
DA:3,0
DA:4,0
DA:6,0
DA:7,0
DA:10,0
DA:13,0
DA:17,0
DA:23,0
DA:27,0
DA:34,0
DA:38,0
DA:45,0
DA:49,0
DA:51,0
DA:53,0
DA:57,0
DA:59,0
DA:61,0
DA:64,0
LF:21
LH:0
BRF:0
BRH:0
end_of_record
TN:
SF:src/routes/healthUnitRoutes.ts
FN:11,(anonymous_0)
FN:16,(anonymous_1)
FN:21,(anonymous_2)
FN:27,(anonymous_3)
FN:28,(anonymous_4)
FN:34,(anonymous_5)
FN:35,(anonymous_6)
FN:41,(anonymous_7)
FN:42,(anonymous_8)
FN:48,(anonymous_9)
FN:49,(anonymous_10)
FN:50,(anonymous_11)
FNF:12
FNH:0
FNDA:0,(anonymous_0)
FNDA:0,(anonymous_1)
FNDA:0,(anonymous_2)
FNDA:0,(anonymous_3)
FNDA:0,(anonymous_4)
FNDA:0,(anonymous_5)
FNDA:0,(anonymous_6)
FNDA:0,(anonymous_7)
FNDA:0,(anonymous_8)
FNDA:0,(anonymous_9)
FNDA:0,(anonymous_10)
FNDA:0,(anonymous_11)
DA:1,0
DA:2,0
DA:3,0
DA:4,0
DA:6,0
DA:7,0
DA:9,0
DA:12,0
DA:15,0
DA:17,0
DA:20,0
DA:22,0
DA:25,0
DA:27,0
DA:29,0
DA:32,0
DA:34,0
DA:36,0
DA:39,0
DA:41,0
DA:43,0
DA:46,0
DA:48,0
DA:49,0
DA:51,0
DA:54,0
LF:26
LH:0
BRF:0
BRH:0
end_of_record
TN:
SF:src/routes/patientAddressRoutes.ts
FN:8,(anonymous_0)
FN:13,(anonymous_1)
FN:18,(anonymous_2)
FN:23,(anonymous_3)
FNF:4
FNH:0
FNDA:0,(anonymous_0)
FNDA:0,(anonymous_1)
FNDA:0,(anonymous_2)
FNDA:0,(anonymous_3)
DA:1,0
DA:2,0
DA:4,0
DA:5,0
DA:7,0
DA:9,0
DA:12,0
DA:14,0
DA:17,0
DA:19,0
DA:22,0
DA:24,0
DA:27,0
LF:13
LH:0
BRF:0
BRH:0
end_of_record
TN:
SF:src/routes/patientRoutes.ts
FN:8,(anonymous_0)
FN:13,(anonymous_1)
FN:18,(anonymous_2)
FN:23,(anonymous_3)
FN:28,(anonymous_4)
FN:33,(anonymous_5)
FN:38,(anonymous_6)
FNF:7
FNH:0
FNDA:0,(anonymous_0)
FNDA:0,(anonymous_1)
FNDA:0,(anonymous_2)
FNDA:0,(anonymous_3)
FNDA:0,(anonymous_4)
FNDA:0,(anonymous_5)
FNDA:0,(anonymous_6)
DA:1,0
DA:2,0
DA:4,0
DA:5,0
DA:7,0
DA:9,0
DA:12,0
DA:14,0
DA:17,0
DA:19,0
DA:22,0
DA:24,0
DA:27,0
DA:29,0
DA:32,0
DA:34,0
DA:37,0
DA:39,0
DA:42,0
LF:19
LH:0
BRF:0
BRH:0
end_of_record
TN:
SF:src/routes/professionalAddressRoutes.ts
FN:8,(anonymous_0)
FN:13,(anonymous_1)
FN:18,(anonymous_2)
FN:23,(anonymous_3)
FNF:4
FNH:0
FNDA:0,(anonymous_0)
FNDA:0,(anonymous_1)
FNDA:0,(anonymous_2)
FNDA:0,(anonymous_3)
DA:1,0
DA:2,0
DA:4,0
DA:5,0
DA:7,0
DA:9,0
DA:12,0
DA:14,0
DA:17,0
DA:19,0
DA:22,0
DA:24,0
DA:27,0
LF:13
LH:0
BRF:0
BRH:0
end_of_record
TN:
SF:src/routes/professionalRoutes.ts
FN:11,(anonymous_0)
FN:17,(anonymous_1)
FN:22,(anonymous_2)
FN:27,(anonymous_3)
FN:32,(anonymous_4)
FN:38,(anonymous_5)
FN:39,(anonymous_6)
FN:44,(anonymous_7)
FN:45,(anonymous_8)
FNF:9
FNH:0
FNDA:0,(anonymous_0)
FNDA:0,(anonymous_1)
FNDA:0,(anonymous_2)
FNDA:0,(anonymous_3)
FNDA:0,(anonymous_4)
FNDA:0,(anonymous_5)
FNDA:0,(anonymous_6)
FNDA:0,(anonymous_7)
FNDA:0,(anonymous_8)
DA:1,0
DA:2,0
DA:3,0
DA:4,0
DA:6,0
DA:7,0
DA:9,0
DA:12,0
DA:15,0
DA:18,0
DA:21,0
DA:23,0
DA:26,0
DA:28,0
DA:31,0
DA:33,0
DA:36,0
DA:38,0
DA:40,0
DA:43,0
DA:44,0
DA:46,0
DA:49,0
LF:23
LH:0
BRF:0
BRH:0
end_of_record
TN:
SF:src/routes/reportRoutes.ts
FN:12,(anonymous_0)
FN:20,(anonymous_1)
FN:21,(anonymous_2)
FN:29,(anonymous_3)
FN:30,(anonymous_4)
FNF:5
FNH:0
FNDA:0,(anonymous_0)
FNDA:0,(anonymous_1)
FNDA:0,(anonymous_2)
FNDA:0,(anonymous_3)
FNDA:0,(anonymous_4)
DA:1,0
DA:2,0
DA:3,0
DA:4,0
DA:6,0
DA:7,0
DA:10,0
DA:13,0
DA:17,0
DA:20,0
DA:22,0
DA:26,0
DA:29,0
DA:31,0
DA:34,0
LF:15
LH:0
BRF:0
BRH:0
end_of_record
TN:
SF:src/sockets/index.ts
FN:6,socketHandler
FN:8,(anonymous_1)
FN:12,(anonymous_2)
FN:19,(anonymous_3)
FN:28,(anonymous_4)
FN:33,(anonymous_5)
FN:38,(anonymous_6)
FN:43,(anonymous_7)
FN:48,(anonymous_8)
FN:53,(anonymous_9)
FN:59,getIO
FN:78,emitCallPatient
FN:151,emitQueueUpdate
FN:193,emitAttendanceStatusUpdate
FNF:14
FNH:0
FNDA:0,socketHandler
FNDA:0,(anonymous_1)
FNDA:0,(anonymous_2)
FNDA:0,(anonymous_3)
FNDA:0,(anonymous_4)
FNDA:0,(anonymous_5)
FNDA:0,(anonymous_6)
FNDA:0,(anonymous_7)
FNDA:0,(anonymous_8)
FNDA:0,(anonymous_9)
FNDA:0,getIO
FNDA:0,emitCallPatient
FNDA:0,emitQueueUpdate
FNDA:0,emitAttendanceStatusUpdate
DA:2,0
DA:6,0
DA:7,0
DA:8,0
DA:9,0
DA:12,0
DA:14,0
DA:15,0
DA:19,0
DA:20,0
DA:23,0
DA:24,0
DA:28,0
DA:29,0
DA:30,0
DA:33,0
DA:34,0
DA:35,0
DA:38,0
DA:39,0
DA:40,0
DA:43,0
DA:44,0
DA:45,0
DA:48,0
DA:49,0
DA:50,0
DA:53,0
DA:54,0
DA:59,0
DA:60,0
DA:61,0
DA:63,0
DA:78,0
DA:79,0
DA:80,0
DA:84,0
DA:87,0
DA:88,0
DA:93,0
DA:94,0
DA:96,0
DA:98,0
DA:99,0
DA:101,0
DA:102,0
DA:104,0
DA:105,0
DA:107,0
DA:108,0
DA:110,0
DA:111,0
DA:116,0
DA:118,0
DA:119,0
DA:121,0
DA:122,0
DA:124,0
DA:125,0
DA:127,0
DA:128,0
DA:130,0
DA:131,0
DA:135,0
DA:138,0
DA:139,0
DA:140,0
DA:141,0
DA:145,0
DA:146,0
DA:151,0
DA:152,0
DA:153,0
DA:157,0
DA:164,0
DA:171,0
DA:173,0
DA:174,0
DA:176,0
DA:177,0
DA:179,0
DA:180,0
DA:182,0
DA:183,0
DA:185,0
DA:186,0
DA:189,0
DA:193,0
DA:194,0
DA:195,0
DA:199,0
DA:202,0
DA:203,0
DA:206,0
LF:94
LH:0
BRDA:60,0,0,0
BRDA:79,1,0,0
BRDA:87,2,0,0
BRDA:93,3,0,0
BRDA:96,4,0,0
BRDA:96,4,1,0
BRDA:96,4,2,0
BRDA:96,4,3,0
BRDA:96,4,4,0
BRDA:116,5,0,0
BRDA:116,5,1,0
BRDA:116,5,2,0
BRDA:116,5,3,0
BRDA:116,5,4,0
BRDA:138,6,0,0
BRDA:138,6,1,0
BRDA:140,7,0,0
BRDA:145,8,0,0
BRDA:152,9,0,0
BRDA:171,10,0,0
BRDA:171,10,1,0
BRDA:171,10,2,0
BRDA:171,10,3,0
BRDA:171,10,4,0
BRDA:194,11,0,0
BRDA:202,12,0,0
BRF:26
BRH:0
end_of_record
TN:
SF:src/useCases/address/patient/CreatePatientAddressUseCase.ts
FN:13,(anonymous_4)
FN:21,(anonymous_5)
FNF:2
FNH:0
FNDA:0,(anonymous_4)
FNDA:0,(anonymous_5)
DA:1,0
DA:2,0
DA:3,0
DA:4,0
DA:9,0
DA:17,0
DA:18,0
DA:23,0
DA:24,0
DA:25,0
DA:29,0
DA:30,0
DA:33,0
LF:13
LH:0
BRDA:24,0,0,0
BRDA:29,1,0,0
BRDA:29,2,0,0
BRDA:29,2,1,0
BRDA:29,2,2,0
BRDA:29,2,3,0
BRF:6
BRH:0
end_of_record
TN:
SF:src/useCases/address/patient/DeletePatientAddressUseCase.ts
FN:9,(anonymous_4)
FN:15,(anonymous_5)
FNF:2
FNH:0
FNDA:0,(anonymous_4)
FNDA:0,(anonymous_5)
DA:1,0
DA:2,0
DA:3,0
DA:6,0
DA:12,0
DA:16,0
LF:6
LH:0
BRF:0
BRH:0
end_of_record
TN:
SF:src/useCases/address/patient/GetPatientAddressesUseCase.ts
FN:12,(anonymous_4)
FN:20,(anonymous_5)
FNF:2
FNH:0
FNDA:0,(anonymous_4)
FNDA:0,(anonymous_5)
DA:1,0
DA:2,0
DA:3,0
DA:4,0
DA:8,0
DA:16,0
DA:17,0
DA:22,0
DA:23,0
DA:24,0
DA:27,0
LF:11
LH:0
BRDA:23,0,0,0
BRF:1
BRH:0
end_of_record
TN:
SF:src/useCases/address/patient/UpdatePatientAddressUseCase.ts
FN:11,(anonymous_4)
FN:17,(anonymous_5)
FNF:2
FNH:0
FNDA:0,(anonymous_4)
FNDA:0,(anonymous_5)
DA:1,0
DA:2,0
DA:3,0
DA:8,0
DA:14,0
DA:19,0
DA:23,0
DA:26,0
LF:8
LH:0
BRDA:19,0,0,0
BRDA:19,1,0,0
BRDA:19,1,1,0
BRDA:19,1,2,0
BRDA:19,1,3,0
BRDA:19,1,4,0
BRDA:19,1,5,0
BRDA:19,1,6,0
BRDA:19,1,7,0
BRF:9
BRH:0
end_of_record
TN:
SF:src/useCases/address/professional/CreateProfessionalAddressUseCase.ts
FN:13,(anonymous_4)
FN:21,(anonymous_5)
FNF:2
FNH:0
FNDA:0,(anonymous_4)
FNDA:0,(anonymous_5)
DA:1,0
DA:2,0
DA:3,0
DA:4,0
DA:9,0
DA:17,0
DA:18,0
DA:23,0
DA:24,0
DA:25,0
DA:29,0
DA:30,0
DA:33,0
LF:13
LH:0
BRDA:24,0,0,0
BRDA:29,1,0,0
BRDA:29,2,0,0
BRDA:29,2,1,0
BRDA:29,2,2,0
BRDA:29,2,3,0
BRF:6
BRH:0
end_of_record
TN:
SF:src/useCases/address/professional/DeleteProfessionalAddressUseCase.ts
FN:9,(anonymous_4)
FN:15,(anonymous_5)
FNF:2
FNH:0
FNDA:0,(anonymous_4)
FNDA:0,(anonymous_5)
DA:1,0
DA:2,0
DA:3,0
DA:6,0
DA:12,0
DA:16,0
LF:6
LH:0
BRF:0
BRH:0
end_of_record
TN:
SF:src/useCases/address/professional/GetProfessionalAddressesUseCase.ts
FN:12,(anonymous_4)
FN:20,(anonymous_5)
FNF:2
FNH:0
FNDA:0,(anonymous_4)
FNDA:0,(anonymous_5)
DA:1,0
DA:2,0
DA:3,0
DA:4,0
DA:8,0
DA:16,0
DA:17,0
DA:22,0
DA:23,0
DA:24,0
DA:27,0
LF:11
LH:0
BRDA:23,0,0,0
BRF:1
BRH:0
end_of_record
TN:
SF:src/useCases/address/professional/UpdateProfessionalAddressUseCase.ts
FN:11,(anonymous_4)
FN:17,(anonymous_5)
FNF:2
FNH:0
FNDA:0,(anonymous_4)
FNDA:0,(anonymous_5)
DA:1,0
DA:2,0
DA:3,0
DA:8,0
DA:14,0
DA:19,0
DA:23,0
DA:26,0
LF:8
LH:0
BRDA:19,0,0,0
BRDA:19,1,0,0
BRDA:19,1,1,0
BRDA:19,1,2,0
BRDA:19,1,3,0
BRDA:19,1,4,0
BRDA:19,1,5,0
BRDA:19,1,6,0
BRDA:19,1,7,0
BRF:9
BRH:0
end_of_record
TN:
SF:src/useCases/attendance/CallPatientUseCase.ts
FN:63,(anonymous_4)
FN:73,(anonymous_5)
FN:196,(anonymous_6)
FNF:3
FNH:0
FNDA:0,(anonymous_4)
FNDA:0,(anonymous_5)
FNDA:0,(anonymous_6)
DA:1,0
DA:2,0
DA:3,0
DA:4,0
DA:5,0
DA:6,0
DA:7,0
DA:8,0
DA:40,0
DA:47,0
DA:58,0
DA:68,0
DA:69,0
DA:70,0
DA:74,0
DA:77,0
DA:78,0
DA:79,0
DA:83,0
DA:84,0
DA:85,0
DA:89,0
DA:95,0
DA:98,0
DA:99,0
DA:101,0
DA:102,0
DA:103,0
DA:106,0
DA:107,0
DA:111,0
DA:112,0
DA:116,0
DA:118,0
DA:119,0
DA:125,0
DA:127,0
DA:128,0
DA:131,0
DA:132,0
DA:135,0
DA:136,0
DA:141,0
DA:142,0
DA:143,0
DA:144,0
DA:146,0
DA:150,0
DA:152,0
DA:155,0
DA:159,0
DA:165,0
DA:169,0
DA:171,0
DA:172,0
DA:176,0
DA:178,0
DA:187,0
DA:191,0
DA:193,0
DA:197,0
DA:205,0
LF:62
LH:0
BRDA:78,0,0,0
BRDA:84,1,0,0
BRDA:101,2,0,0
BRDA:101,3,0,0
BRDA:101,3,1,0
BRDA:106,4,0,0
BRDA:106,5,0,0
BRDA:106,5,1,0
BRDA:106,5,2,0
BRDA:111,6,0,0
BRDA:116,7,0,0
BRDA:116,7,1,0
BRDA:118,8,0,0
BRDA:125,9,0,0
BRDA:125,9,1,0
BRDA:125,9,2,0
BRDA:125,9,3,0
BRDA:125,9,4,0
BRDA:125,9,5,0
BRDA:141,10,0,0
BRDA:141,10,1,0
BRDA:143,11,0,0
BRDA:143,11,1,0
BRDA:146,12,0,0
BRDA:146,12,1,0
BRDA:171,13,0,0
BRDA:176,14,0,0
BRDA:176,15,0,0
BRDA:176,15,1,0
BRDA:205,16,0,0
BRDA:205,16,1,0
BRF:31
BRH:0
end_of_record
TN:
SF:src/useCases/attendance/CreateAttendanceUseCase.ts
FN:18,(anonymous_4)
FN:30,(anonymous_5)
FNF:2
FNH:0
FNDA:0,(anonymous_4)
FNDA:0,(anonymous_5)
DA:1,0
DA:2,0
DA:3,0
DA:4,0
DA:5,0
DA:6,0
DA:12,0
DA:24,0
DA:25,0
DA:26,0
DA:27,0
DA:31,0
DA:34,0
DA:35,0
DA:36,0
DA:40,0
DA:41,0
DA:42,0
DA:46,0
DA:47,0
DA:48,0
DA:53,0
DA:55,0
DA:56,0
DA:57,0
DA:61,0
DA:62,0
DA:63,0
DA:66,0
DA:69,0
DA:71,0
DA:72,0
DA:77,0
DA:80,0
LF:34
LH:0
BRDA:35,0,0,0
BRDA:41,1,0,0
BRDA:47,2,0,0
BRDA:53,3,0,0
BRDA:53,3,1,0
BRDA:56,4,0,0
BRDA:62,5,0,0
BRDA:71,6,0,0
BRDA:71,7,0,0
BRDA:71,7,1,0
BRDA:71,7,2,0
BRF:11
BRH:0
end_of_record
TN:
SF:src/useCases/attendance/FinishAttendanceUseCase.ts
FN:41,(anonymous_4)
FN:53,(anonymous_5)
FN:154,(anonymous_6)
FNF:3
FNH:0
FNDA:0,(anonymous_4)
FNDA:0,(anonymous_5)
FNDA:0,(anonymous_6)
DA:1,0
DA:2,0
DA:3,0
DA:4,0
DA:5,0
DA:6,0
DA:7,0
DA:17,0
DA:28,0
DA:35,0
DA:47,0
DA:48,0
DA:49,0
DA:50,0
DA:54,0
DA:57,0
DA:58,0
DA:59,0
DA:63,0
DA:64,0
DA:65,0
DA:69,0
DA:70,0
DA:74,0
DA:80,0
DA:83,0
DA:84,0
DA:86,0
DA:87,0
DA:88,0
DA:91,0
DA:92,0
DA:96,0
DA:98,0
DA:99,0
DA:103,0
DA:104,0
DA:105,0
DA:109,0
DA:110,0
DA:111,0
DA:118,0
DA:120,0
DA:121,0
DA:124,0
DA:125,0
DA:128,0
DA:129,0
DA:134,0
DA:135,0
DA:137,0
DA:138,0
DA:141,0
DA:145,0
DA:155,0
DA:163,0
LF:56
LH:0
BRDA:58,0,0,0
BRDA:64,1,0,0
BRDA:69,2,0,0
BRDA:86,3,0,0
BRDA:86,4,0,0
BRDA:86,4,1,0
BRDA:91,5,0,0
BRDA:91,6,0,0
BRDA:91,6,1,0
BRDA:91,6,2,0
BRDA:96,7,0,0
BRDA:96,7,1,0
BRDA:98,8,0,0
BRDA:103,9,0,0
BRDA:104,10,0,0
BRDA:104,11,0,0
BRDA:104,11,1,0
BRDA:110,12,0,0
BRDA:118,13,0,0
BRDA:118,13,1,0
BRDA:118,13,2,0
BRDA:118,13,3,0
BRDA:118,13,4,0
BRDA:118,13,5,0
BRDA:134,14,0,0
BRDA:134,15,0,0
BRDA:134,15,1,0
BRDA:163,16,0,0
BRDA:163,16,1,0
BRF:29
BRH:0
end_of_record
TN:
SF:src/useCases/attendance/ForwardAttendanceUseCase.ts
FN:24,(anonymous_4)
FN:34,(anonymous_5)
FN:114,(anonymous_6)
FNF:3
FNH:0
FNDA:0,(anonymous_4)
FNDA:0,(anonymous_5)
FNDA:0,(anonymous_6)
DA:1,0
DA:2,0
DA:3,0
DA:4,0
DA:5,0
DA:6,0
DA:10,0
DA:19,0
DA:29,0
DA:30,0
DA:31,0
DA:35,0
DA:38,0
DA:39,0
DA:43,0
DA:44,0
DA:45,0
DA:48,0
DA:49,0
DA:53,0
DA:54,0
DA:55,0
DA:59,0
DA:60,0
DA:64,0
DA:65,0
DA:69,0
DA:75,0
DA:78,0
DA:79,0
DA:81,0
DA:82,0
DA:83,0
DA:86,0
DA:87,0
DA:91,0
DA:92,0
DA:98,0
DA:99,0
DA:100,0
DA:101,0
DA:102,0
DA:103,0
DA:104,0
DA:105,0
DA:107,0
DA:111,0
DA:115,0
DA:123,0
LF:49
LH:0
BRDA:38,0,0,0
BRDA:44,1,0,0
BRDA:48,2,0,0
BRDA:54,3,0,0
BRDA:59,4,0,0
BRDA:64,5,0,0
BRDA:64,6,0,0
BRDA:64,6,1,0
BRDA:81,7,0,0
BRDA:81,8,0,0
BRDA:81,8,1,0
BRDA:86,9,0,0
BRDA:86,10,0,0
BRDA:86,10,1,0
BRDA:86,10,2,0
BRDA:91,11,0,0
BRDA:98,12,0,0
BRDA:98,12,1,0
BRDA:100,13,0,0
BRDA:100,13,1,0
BRDA:102,14,0,0
BRDA:102,14,1,0
BRDA:104,15,0,0
BRDA:104,15,1,0
BRDA:123,16,0,0
BRDA:123,16,1,0
BRF:26
BRH:0
end_of_record
TN:
SF:src/useCases/attendance/GetAttendanceReportUseCase.ts
FN:15,(anonymous_4)
FN:25,(anonymous_5)
FN:69,(anonymous_6)
FN:70,(anonymous_7)
FNF:4
FNH:0
FNDA:0,(anonymous_4)
FNDA:0,(anonymous_5)
FNDA:0,(anonymous_6)
FNDA:0,(anonymous_7)
DA:1,0
DA:2,0
DA:3,0
DA:4,0
DA:5,0
DA:10,0
DA:20,0
DA:21,0
DA:22,0
DA:26,0
DA:29,0
DA:30,0
DA:31,0
DA:34,0
DA:35,0
DA:39,0
DA:40,0
DA:41,0
DA:42,0
DA:46,0
DA:47,0
DA:48,0
DA:52,0
DA:53,0
DA:54,0
DA:55,0
DA:58,0
DA:59,0
DA:61,0
DA:62,0
DA:65,0
DA:66,0
DA:69,0
DA:70,0
DA:73,0
DA:74,0
DA:79,0
DA:80,0
DA:81,0
DA:82,0
DA:86,0
DA:92,0
DA:93,0
DA:99,0
DA:100,0
DA:102,0
DA:103,0
DA:106,0
DA:107,0
DA:111,0
DA:119,0
LF:51
LH:0
BRDA:30,0,0,0
BRDA:30,0,1,0
BRDA:31,1,0,0
BRDA:31,1,1,0
BRDA:34,2,0,0
BRDA:39,3,0,0
BRDA:41,4,0,0
BRDA:47,5,0,0
BRDA:47,6,0,0
BRDA:47,6,1,0
BRDA:52,7,0,0
BRDA:54,8,0,0
BRDA:61,9,0,0
BRDA:61,10,0,0
BRDA:61,10,1,0
BRDA:65,11,0,0
BRDA:65,11,1,0
BRDA:66,12,0,0
BRDA:66,12,1,0
BRDA:73,13,0,0
BRDA:79,14,0,0
BRDA:79,15,0,0
BRDA:79,15,1,0
BRDA:81,16,0,0
BRDA:86,17,0,0
BRDA:86,17,1,0
BRDA:92,18,0,0
BRDA:102,19,0,0
BRDA:102,20,0,0
BRDA:102,20,1,0
BRDA:106,21,0,0
BRF:31
BRH:0
end_of_record
TN:
SF:src/useCases/attendance/GetAttendancesUseCase.ts
FN:18,(anonymous_4)
FN:30,(anonymous_5)
FNF:2
FNH:0
FNDA:0,(anonymous_4)
FNDA:0,(anonymous_5)
DA:1,0
DA:2,0
DA:3,0
DA:4,0
DA:5,0
DA:6,0
DA:12,0
DA:24,0
DA:25,0
DA:26,0
DA:27,0
DA:31,0
DA:34,0
DA:35,0
DA:36,0
DA:40,0
DA:42,0
DA:43,0
DA:47,0
DA:49,0
DA:51,0
DA:52,0
DA:53,0
DA:56,0
DA:57,0
DA:59,0
DA:60,0
DA:61,0
DA:64,0
DA:68,0
DA:70,0
DA:71,0
DA:74,0
DA:76,0
DA:77,0
DA:78,0
DA:81,0
DA:84,0
DA:89,0
DA:91,0
DA:92,0
DA:93,0
DA:96,0
DA:99,0
DA:101,0
DA:102,0
DA:106,0
DA:107,0
DA:113,0
DA:119,0
LF:50
LH:0
BRDA:35,0,0,0
BRDA:42,1,0,0
BRDA:47,2,0,0
BRDA:47,2,1,0
BRDA:49,3,0,0
BRDA:49,3,1,0
BRDA:52,4,0,0
BRDA:57,5,0,0
BRDA:60,6,0,0
BRDA:68,7,0,0
BRDA:68,7,1,0
BRDA:70,8,0,0
BRDA:74,9,0,0
BRDA:74,9,1,0
BRDA:77,10,0,0
BRDA:77,11,0,0
BRDA:77,11,1,0
BRDA:89,12,0,0
BRDA:89,12,1,0
BRDA:92,13,0,0
BRDA:101,14,0,0
BRDA:101,15,0,0
BRDA:101,15,1,0
BRDA:101,15,2,0
BRDA:106,16,0,0
BRDA:106,16,1,0
BRF:26
BRH:0
end_of_record
TN:
SF:src/useCases/attendance/GetDentalConsultationAttendancesUseCase.ts
FN:14,(anonymous_4)
FN:24,(anonymous_5)
FN:39,(anonymous_6)
FNF:3
FNH:0
FNDA:0,(anonymous_4)
FNDA:0,(anonymous_5)
FNDA:0,(anonymous_6)
DA:1,0
DA:2,0
DA:3,0
DA:4,0
DA:5,0
DA:6,0
DA:9,0
DA:19,0
DA:20,0
DA:21,0
DA:27,0
DA:28,0
DA:29,0
DA:33,0
DA:34,0
DA:35,0
DA:39,0
DA:40,0
DA:43,0
LF:19
LH:0
BRDA:28,0,0,0
BRDA:34,1,0,0
BRDA:39,2,0,0
BRF:3
BRH:0
end_of_record
TN:
SF:src/useCases/attendance/GetMedicalConsultationAttendancesUseCase.ts
FN:15,(anonymous_4)
FN:25,(anonymous_5)
FN:40,(anonymous_6)
FNF:3
FNH:0
FNDA:0,(anonymous_4)
FNDA:0,(anonymous_5)
FNDA:0,(anonymous_6)
DA:1,0
DA:2,0
DA:3,0
DA:4,0
DA:5,0
DA:6,0
DA:9,0
DA:20,0
DA:21,0
DA:22,0
DA:28,0
DA:29,0
DA:30,0
DA:34,0
DA:35,0
DA:36,0
DA:40,0
DA:41,0
DA:44,0
LF:19
LH:0
BRDA:29,0,0,0
BRDA:35,1,0,0
BRDA:40,2,0,0
BRF:3
BRH:0
end_of_record
TN:
SF:src/useCases/attendance/GetNursingConsultationAttendancesUseCase.ts
FN:14,(anonymous_4)
FN:24,(anonymous_5)
FN:39,(anonymous_6)
FNF:3
FNH:0
FNDA:0,(anonymous_4)
FNDA:0,(anonymous_5)
FNDA:0,(anonymous_6)
DA:1,0
DA:2,0
DA:3,0
DA:4,0
DA:5,0
DA:6,0
DA:9,0
DA:19,0
DA:20,0
DA:21,0
DA:27,0
DA:28,0
DA:29,0
DA:33,0
DA:34,0
DA:35,0
DA:39,0
DA:40,0
DA:43,0
LF:19
LH:0
BRDA:28,0,0,0
BRDA:34,1,0,0
BRDA:39,2,0,0
BRF:3
BRH:0
end_of_record
TN:
SF:src/useCases/attendance/GetTriageAttendancesUseCase.ts
FN:14,(anonymous_4)
FN:24,(anonymous_5)
FN:39,(anonymous_6)
FNF:3
FNH:0
FNDA:0,(anonymous_4)
FNDA:0,(anonymous_5)
FNDA:0,(anonymous_6)
DA:1,0
DA:2,0
DA:3,0
DA:4,0
DA:5,0
DA:6,0
DA:9,0
DA:19,0
DA:20,0
DA:21,0
DA:27,0
DA:28,0
DA:29,0
DA:33,0
DA:34,0
DA:35,0
DA:39,0
DA:40,0
DA:43,0
LF:19
LH:0
BRDA:28,0,0,0
BRDA:34,1,0,0
BRDA:39,2,0,0
BRF:3
BRH:0
end_of_record
TN:
SF:src/useCases/attendance/GetVaccineAttendancesUseCase.ts
FN:14,(anonymous_4)
FN:24,(anonymous_5)
FN:39,(anonymous_6)
FNF:3
FNH:0
FNDA:0,(anonymous_4)
FNDA:0,(anonymous_5)
FNDA:0,(anonymous_6)
DA:1,0
DA:2,0
DA:3,0
DA:4,0
DA:5,0
DA:6,0
DA:9,0
DA:19,0
DA:20,0
DA:21,0
DA:27,0
DA:28,0
DA:29,0
DA:33,0
DA:34,0
DA:35,0
DA:39,0
DA:40,0
DA:43,0
LF:19
LH:0
BRDA:28,0,0,0
BRDA:34,1,0,0
BRDA:39,2,0,0
BRF:3
BRH:0
end_of_record
TN:
SF:src/useCases/cid/CreateCidUseCase.ts
FN:11,(anonymous_4)
FN:17,(anonymous_5)
FNF:2
FNH:0
FNDA:0,(anonymous_4)
FNDA:0,(anonymous_5)
DA:1,0
DA:2,0
DA:3,0
DA:8,0
DA:14,0
DA:19,0
DA:20,0
DA:21,0
DA:24,0
LF:9
LH:0
BRDA:20,0,0,0
BRF:1
BRH:0
end_of_record
TN:
SF:src/useCases/cid/DeleteCidUseCase.ts
FN:9,(anonymous_4)
FN:15,(anonymous_5)
FNF:2
FNH:0
FNDA:0,(anonymous_4)
FNDA:0,(anonymous_5)
DA:1,0
DA:2,0
DA:3,0
DA:6,0
DA:12,0
DA:17,0
DA:18,0
DA:19,0
DA:22,0
LF:9
LH:0
BRDA:18,0,0,0
BRF:1
BRH:0
end_of_record
TN:
SF:src/useCases/cid/GetCidsUseCase.ts
FN:11,(anonymous_4)
FN:17,(anonymous_5)
FNF:2
FNH:0
FNDA:0,(anonymous_4)
FNDA:0,(anonymous_5)
DA:1,0
DA:2,0
DA:3,0
DA:8,0
DA:14,0
DA:18,0
DA:19,0
LF:7
LH:0
BRF:0
BRH:0
end_of_record
TN:
SF:src/useCases/cid/SearchCidUseCase.ts
FN:10,(anonymous_4)
FN:16,(anonymous_5)
FNF:2
FNH:0
FNDA:0,(anonymous_4)
FNDA:0,(anonymous_5)
DA:1,0
DA:2,0
DA:3,0
DA:7,0
DA:13,0
DA:17,0
DA:18,0
DA:21,0
LF:8
LH:0
BRDA:17,0,0,0
BRDA:17,1,0,0
BRDA:17,1,1,0
BRF:3
BRH:0
end_of_record
TN:
SF:src/useCases/cid/UpdateCidUseCase.ts
FN:15,(anonymous_4)
FN:21,(anonymous_5)
FNF:2
FNH:0
FNDA:0,(anonymous_4)
FNDA:0,(anonymous_5)
DA:1,0
DA:2,0
DA:3,0
DA:12,0
DA:18,0
DA:23,0
DA:24,0
DA:25,0
DA:29,0
DA:30,0
DA:31,0
DA:32,0
DA:36,0
LF:13
LH:0
BRDA:24,0,0,0
BRDA:29,1,0,0
BRDA:29,2,0,0
BRDA:29,2,1,0
BRDA:31,3,0,0
BRDA:31,4,0,0
BRDA:31,4,1,0
BRF:7
BRH:0
end_of_record
TN:
SF:src/useCases/city/CreateCityUseCase.ts
FN:13,(anonymous_4)
FN:19,(anonymous_5)
FNF:2
FNH:0
FNDA:0,(anonymous_4)
FNDA:0,(anonymous_5)
DA:1,0
DA:2,0
DA:3,0
DA:10,0
DA:16,0
DA:20,0
DA:23,0
DA:24,0
DA:27,0
DA:28,0
DA:31,0
DA:32,0
DA:36,0
DA:37,0
DA:38,0
DA:42,0
LF:16
LH:0
BRDA:23,0,0,0
BRDA:23,1,0,0
BRDA:23,1,1,0
BRDA:27,2,0,0
BRDA:31,3,0,0
BRDA:37,4,0,0
BRF:6
BRH:0
end_of_record
TN:
SF:src/useCases/city/DeleteCityUseCase.ts
FN:9,(anonymous_4)
FN:15,(anonymous_5)
FNF:2
FNH:0
FNDA:0,(anonymous_4)
FNDA:0,(anonymous_5)
DA:1,0
DA:2,0
DA:3,0
DA:6,0
DA:12,0
DA:17,0
DA:18,0
DA:22,0
DA:23,0
DA:24,0
DA:28,0
DA:29,0
DA:32,0
DA:33,0
DA:34,0
DA:38,0
LF:16
LH:0
BRDA:17,0,0,0
BRDA:17,1,0,0
BRDA:17,1,1,0
BRDA:23,2,0,0
BRDA:28,3,0,0
BRDA:28,4,0,0
BRDA:28,4,1,0
BRDA:33,5,0,0
BRF:8
BRH:0
end_of_record
TN:
SF:src/useCases/city/GetCitiesUseCase.ts
FN:11,(anonymous_4)
FN:17,(anonymous_5)
FNF:2
FNH:0
FNDA:0,(anonymous_4)
FNDA:0,(anonymous_5)
DA:1,0
DA:2,0
DA:3,0
DA:8,0
DA:14,0
DA:19,0
DA:20,0
DA:24,0
LF:8
LH:0
BRDA:19,0,0,0
BRDA:19,1,0,0
BRDA:19,1,1,0
BRF:3
BRH:0
end_of_record
TN:
SF:src/useCases/city/GetCityByIdUseCase.ts
FN:10,(anonymous_4)
FN:16,(anonymous_5)
FNF:2
FNH:0
FNDA:0,(anonymous_4)
FNDA:0,(anonymous_5)
DA:1,0
DA:2,0
DA:3,0
DA:7,0
DA:13,0
DA:18,0
DA:19,0
DA:23,0
DA:24,0
LF:9
LH:0
BRDA:18,0,0,0
BRDA:18,1,0,0
BRDA:18,1,1,0
BRF:3
BRH:0
end_of_record
TN:
SF:src/useCases/city/SearchCitiesUseCase.ts
FN:10,(anonymous_4)
FN:16,(anonymous_5)
FNF:2
FNH:0
FNDA:0,(anonymous_4)
FNDA:0,(anonymous_5)
DA:1,0
DA:2,0
DA:3,0
DA:7,0
DA:13,0
DA:18,0
DA:19,0
DA:23,0
LF:8
LH:0
BRDA:18,0,0,0
BRDA:18,1,0,0
BRDA:18,1,1,0
BRF:3
BRH:0
end_of_record
TN:
SF:src/useCases/city/UpdateCityUseCase.ts
FN:15,(anonymous_4)
FN:21,(anonymous_5)
FNF:2
FNH:0
FNDA:0,(anonymous_4)
FNDA:0,(anonymous_5)
DA:1,0
DA:2,0
DA:3,0
DA:12,0
DA:18,0
DA:23,0
DA:24,0
DA:28,0
DA:29,0
DA:30,0
DA:34,0
DA:35,0
DA:38,0
DA:39,0
DA:43,0
DA:44,0
DA:49,0
DA:50,0
DA:54,0
DA:55,0
DA:60,0
DA:61,0
DA:65,0
DA:66,0
DA:71,0
DA:72,0
DA:77,0
DA:79,0
DA:80,0
DA:83,0
DA:84,0
DA:88,0
LF:32
LH:0
BRDA:23,0,0,0
BRDA:23,1,0,0
BRDA:23,1,1,0
BRDA:29,2,0,0
BRDA:34,3,0,0
BRDA:34,4,0,0
BRDA:34,4,1,0
BRDA:38,5,0,0
BRDA:38,6,0,0
BRDA:38,6,1,0
BRDA:43,7,0,0
BRDA:43,7,1,0
BRDA:43,8,0,0
BRDA:43,8,1,0
BRDA:49,9,0,0
BRDA:49,10,0,0
BRDA:49,10,1,0
BRDA:54,11,0,0
BRDA:54,11,1,0
BRDA:60,12,0,0
BRDA:60,13,0,0
BRDA:60,13,1,0
BRDA:65,14,0,0
BRDA:71,15,0,0
BRDA:71,16,0,0
BRDA:71,16,1,0
BRDA:79,17,0,0
BRDA:83,18,0,0
BRF:28
BRH:0
end_of_record
TN:
SF:src/useCases/healthUnit/AddProfessionalToHealthUnitUseCase.ts
FN:12,(anonymous_4)
FN:20,(anonymous_5)
FN:34,(anonymous_6)
FNF:3
FNH:0
FNDA:0,(anonymous_4)
FNDA:0,(anonymous_5)
FNDA:0,(anonymous_6)
DA:1,0
DA:2,0
DA:3,0
DA:4,0
DA:8,0
DA:16,0
DA:17,0
DA:22,0
DA:23,0
DA:24,0
DA:28,0
DA:29,0
DA:30,0
DA:34,0
DA:35,0
DA:36,0
DA:39,0
LF:17
LH:0
BRDA:23,0,0,0
BRDA:29,1,0,0
BRDA:35,2,0,0
BRF:3
BRH:0
end_of_record
TN:
SF:src/useCases/healthUnit/CreateHealthUnitUseCase.ts
FN:15,(anonymous_4)
FN:25,(anonymous_5)
FNF:2
FNH:0
FNDA:0,(anonymous_4)
FNDA:0,(anonymous_5)
DA:1,0
DA:2,0
DA:3,0
DA:4,0
DA:5,0
DA:10,0
DA:20,0
DA:21,0
DA:22,0
DA:27,0
DA:28,0
DA:29,0
DA:33,0
DA:35,0
DA:36,0
DA:40,0
DA:42,0
DA:44,0
DA:45,0
DA:47,0
DA:50,0
LF:21
LH:0
BRDA:28,0,0,0
BRDA:35,1,0,0
BRDA:42,2,0,0
BRDA:44,3,0,0
BRDA:44,4,0,0
BRDA:44,4,1,0
BRDA:44,4,2,0
BRF:7
BRH:0
end_of_record
TN:
SF:src/useCases/healthUnit/DeleteHealthUnitUseCase.ts
FN:9,(anonymous_4)
FN:15,(anonymous_5)
FNF:2
FNH:0
FNDA:0,(anonymous_4)
FNDA:0,(anonymous_5)
DA:1,0
DA:2,0
DA:3,0
DA:6,0
DA:12,0
DA:16,0
DA:18,0
DA:19,0
DA:22,0
LF:9
LH:0
BRDA:18,0,0,0
BRF:1
BRH:0
end_of_record
TN:
SF:src/useCases/healthUnit/GetHealthUnitByIdUseCase.ts
FN:13,(anonymous_4)
FN:21,(anonymous_5)
FNF:2
FNH:0
FNDA:0,(anonymous_4)
FNDA:0,(anonymous_5)
DA:1,0
DA:2,0
DA:3,0
DA:4,0
DA:6,0
DA:9,0
DA:17,0
DA:18,0
DA:23,0
DA:24,0
DA:27,0
DA:28,0
DA:29,0
DA:30,0
DA:33,0
DA:34,0
DA:35,0
DA:37,0
DA:38,0
DA:43,0
LF:20
LH:0
BRDA:23,0,0,0
BRDA:23,1,0,0
BRDA:23,1,1,0
BRDA:27,2,0,0
BRDA:29,3,0,0
BRDA:34,4,0,0
BRDA:37,5,0,0
BRF:7
BRH:0
end_of_record
TN:
SF:src/useCases/healthUnit/GetHealthUnitsUseCase.ts
FN:14,(anonymous_4)
FN:22,(anonymous_5)
FNF:2
FNH:0
FNDA:0,(anonymous_4)
FNDA:0,(anonymous_5)
DA:1,0
DA:2,0
DA:3,0
DA:4,0
DA:7,0
DA:10,0
DA:18,0
DA:19,0
DA:24,0
DA:26,0
DA:27,0
DA:28,0
DA:29,0
DA:31,0
DA:34,0
LF:15
LH:0
BRDA:26,0,0,0
BRDA:28,1,0,0
BRF:2
BRH:0
end_of_record
TN:
SF:src/useCases/healthUnit/RemoveProfessionalFromHealthUnitUseCase.ts
FN:12,(anonymous_4)
FN:20,(anonymous_5)
FN:34,(anonymous_6)
FNF:3
FNH:0
FNDA:0,(anonymous_4)
FNDA:0,(anonymous_5)
FNDA:0,(anonymous_6)
DA:1,0
DA:2,0
DA:3,0
DA:4,0
DA:8,0
DA:16,0
DA:17,0
DA:22,0
DA:23,0
DA:24,0
DA:28,0
DA:29,0
DA:30,0
DA:34,0
DA:35,0
DA:36,0
DA:39,0
LF:17
LH:0
BRDA:23,0,0,0
BRDA:29,1,0,0
BRDA:35,2,0,0
BRF:3
BRH:0
end_of_record
TN:
SF:src/useCases/healthUnit/UpdateHealthUnitUseCase.ts
FN:17,(anonymous_4)
FN:27,(anonymous_5)
FNF:2
FNH:0
FNDA:0,(anonymous_4)
FNDA:0,(anonymous_5)
DA:1,0
DA:2,0
DA:3,0
DA:4,0
DA:5,0
DA:12,0
DA:22,0
DA:23,0
DA:24,0
DA:29,0
DA:30,0
DA:31,0
DA:35,0
DA:36,0
DA:37,0
DA:38,0
DA:43,0
DA:44,0
DA:45,0
DA:49,0
DA:52,0
DA:53,0
DA:54,0
DA:57,0
DA:58,0
DA:60,0
DA:63,0
DA:68,0
LF:28
LH:0
BRDA:30,0,0,0
BRDA:35,1,0,0
BRDA:37,2,0,0
BRDA:37,3,0,0
BRDA:37,3,1,0
BRDA:44,4,0,0
BRDA:52,5,0,0
BRDA:53,6,0,0
BRDA:53,7,0,0
BRDA:53,7,1,0
BRDA:53,7,2,0
BRDA:58,8,0,0
BRDA:58,8,1,0
BRF:13
BRH:0
end_of_record
TN:
SF:src/useCases/patient/CreatePatientUseCase.ts
FN:13,(anonymous_4)
FN:21,(anonymous_5)
FNF:2
FNH:0
FNDA:0,(anonymous_4)
FNDA:0,(anonymous_5)
DA:1,0
DA:2,0
DA:3,0
DA:4,0
DA:9,0
DA:17,0
DA:18,0
DA:22,0
DA:23,0
DA:27,0
DA:29,0
DA:30,0
DA:31,0
DA:34,0
DA:37,0
LF:15
LH:0
BRDA:22,0,0,0
BRDA:29,1,0,0
BRDA:30,2,0,0
BRDA:30,3,0,0
BRDA:30,3,1,0
BRDA:30,3,2,0
BRDA:30,3,3,0
BRF:7
BRH:0
end_of_record
TN:
SF:src/useCases/patient/DeletePatientUseCase.ts
FN:9,(anonymous_4)
FN:15,(anonymous_5)
FNF:2
FNH:0
FNDA:0,(anonymous_4)
FNDA:0,(anonymous_5)
DA:1,0
DA:2,0
DA:3,0
DA:6,0
DA:12,0
DA:16,0
DA:18,0
DA:19,0
DA:22,0
LF:9
LH:0
BRDA:18,0,0,0
BRF:1
BRH:0
end_of_record
TN:
SF:src/useCases/patient/GetPatientByCpfUseCase.ts
FN:10,(anonymous_4)
FN:16,(anonymous_5)
FNF:2
FNH:0
FNDA:0,(anonymous_4)
FNDA:0,(anonymous_5)
DA:1,0
DA:2,0
DA:3,0
DA:7,0
DA:13,0
DA:17,0
LF:6
LH:0
BRF:0
BRH:0
end_of_record
TN:
SF:src/useCases/patient/GetPatientByIdUseCase.ts
FN:10,(anonymous_4)
FN:16,(anonymous_5)
FNF:2
FNH:0
FNDA:0,(anonymous_4)
FNDA:0,(anonymous_5)
DA:1,0
DA:2,0
DA:3,0
DA:7,0
DA:13,0
DA:17,0
LF:6
LH:0
BRF:0
BRH:0
end_of_record
TN:
SF:src/useCases/patient/GetPatientsByNameUseCase.ts
FN:11,(anonymous_4)
FN:17,(anonymous_5)
FNF:2
FNH:0
FNDA:0,(anonymous_4)
FNDA:0,(anonymous_5)
DA:1,0
DA:2,0
DA:3,0
DA:8,0
DA:14,0
DA:18,0
LF:6
LH:0
BRF:0
BRH:0
end_of_record
TN:
SF:src/useCases/patient/GetPatientsUseCase.ts
FN:11,(anonymous_4)
FN:17,(anonymous_5)
FNF:2
FNH:0
FNDA:0,(anonymous_4)
FNDA:0,(anonymous_5)
DA:1,0
DA:2,0
DA:3,0
DA:8,0
DA:14,0
DA:18,0
DA:19,0
LF:7
LH:0
BRF:0
BRH:0
end_of_record
TN:
SF:src/useCases/patient/UpdatePatientUseCase.ts
FN:23,(anonymous_4)
FN:31,(anonymous_5)
FNF:2
FNH:0
FNDA:0,(anonymous_4)
FNDA:0,(anonymous_5)
DA:1,0
DA:2,0
DA:3,0
DA:4,0
DA:19,0
DA:27,0
DA:28,0
DA:33,0
DA:34,0
DA:35,0
DA:39,0
DA:40,0
DA:41,0
DA:42,0
DA:47,0
DA:48,0
DA:52,0
DA:54,0
DA:55,0
DA:56,0
DA:58,0
DA:59,0
DA:60,0
DA:62,0
DA:65,0
DA:70,0
LF:26
LH:0
BRDA:34,0,0,0
BRDA:39,1,0,0
BRDA:41,2,0,0
BRDA:41,3,0,0
BRDA:41,3,1,0
BRDA:47,4,0,0
BRDA:54,5,0,0
BRDA:55,6,0,0
BRDA:55,7,0,0
BRDA:55,7,1,0
BRDA:55,7,2,0
BRDA:55,7,3,0
BRDA:60,8,0,0
BRDA:60,8,1,0
BRF:14
BRH:0
end_of_record
TN:
SF:src/useCases/professional/CreateProfessionalByGeneralAdminUseCase.ts
FN:13,(anonymous_4)
FN:21,(anonymous_5)
FNF:2
FNH:0
FNDA:0,(anonymous_4)
FNDA:0,(anonymous_5)
DA:1,0
DA:2,0
DA:3,0
DA:6,0
DA:9,0
DA:17,0
DA:18,0
DA:23,0
DA:25,0
DA:26,0
DA:30,0
DA:31,0
DA:32,0
DA:33,0
DA:38,0
DA:41,0
DA:44,0
DA:45,0
DA:49,0
DA:50,0
DA:53,0
LF:21
LH:0
BRDA:25,0,0,0
BRDA:25,1,0,0
BRDA:25,1,1,0
BRDA:30,2,0,0
BRDA:32,3,0,0
BRDA:44,4,0,0
BRDA:49,5,0,0
BRF:7
BRH:0
end_of_record
TN:
SF:src/useCases/professional/CreateProfessionalByLocalAdminUseCase.ts
FN:15,(anonymous_4)
FN:25,(anonymous_5)
FN:42,(anonymous_6)
FNF:3
FNH:0
FNDA:0,(anonymous_4)
FNDA:0,(anonymous_5)
FNDA:0,(anonymous_6)
DA:1,0
DA:2,0
DA:3,0
DA:4,0
DA:7,0
DA:10,0
DA:20,0
DA:21,0
DA:22,0
DA:27,0
DA:28,0
DA:29,0
DA:33,0
DA:34,0
DA:35,0
DA:40,0
DA:42,0
DA:43,0
DA:44,0
DA:46,0
DA:50,0
DA:54,0
DA:57,0
DA:60,0
DA:62,0
LF:25
LH:0
BRDA:28,0,0,0
BRDA:34,1,0,0
BRDA:34,2,0,0
BRDA:34,2,1,0
BRDA:40,3,0,0
BRDA:40,3,1,0
BRDA:43,4,0,0
BRF:7
BRH:0
end_of_record
TN:
SF:src/useCases/professional/CreateProfessionalUseCase.ts
FN:15,(anonymous_5)
FN:23,(anonymous_6)
FNF:2
FNH:0
FNDA:0,(anonymous_5)
FNDA:0,(anonymous_6)
DA:1,0
DA:2,0
DA:3,0
DA:4,0
DA:5,0
DA:8,0
DA:11,0
DA:19,0
DA:20,0
DA:24,0
DA:35,0
DA:36,0
DA:39,0
DA:40,0
DA:43,0
DA:44,0
DA:45,0
DA:48,0
DA:49,0
DA:50,0
DA:55,0
DA:57,0
DA:59,0
DA:65,0
DA:66,0
DA:67,0
DA:70,0
DA:73,0
DA:74,0
DA:77,0
DA:81,0
DA:82,0
LF:32
LH:0
BRDA:35,0,0,0
BRDA:39,1,0,0
BRDA:43,2,0,0
BRDA:44,3,0,0
BRDA:49,4,0,0
BRDA:65,5,0,0
BRDA:66,6,0,0
BRDA:66,7,0,0
BRDA:66,7,1,0
BRDA:66,7,2,0
BRDA:66,7,3,0
BRF:11
BRH:0
end_of_record
TN:
SF:src/useCases/professional/DeleteProfessionalByIdUseCase.ts
FN:11,(anonymous_4)
FN:19,(anonymous_5)
FN:40,(anonymous_6)
FN:41,(anonymous_7)
FNF:4
FNH:0
FNDA:0,(anonymous_4)
FNDA:0,(anonymous_5)
FNDA:0,(anonymous_6)
FNDA:0,(anonymous_7)
DA:1,0
DA:2,0
DA:3,0
DA:4,0
DA:7,0
DA:15,0
DA:16,0
DA:21,0
DA:23,0
DA:24,0
DA:27,0
DA:29,0
DA:30,0
DA:31,0
DA:33,0
DA:34,0
DA:36,0
DA:37,0
DA:38,0
DA:40,0
DA:41,0
DA:44,0
DA:45,0
DA:50,0
DA:51,0
DA:52,0
DA:55,0
LF:27
LH:0
BRDA:23,0,0,0
BRDA:27,1,0,0
BRDA:27,1,1,0
BRDA:30,2,0,0
BRDA:33,3,0,0
BRDA:36,4,0,0
BRDA:44,5,0,0
BRDA:51,6,0,0
BRF:8
BRH:0
end_of_record
TN:
SF:src/useCases/professional/GetProfessionalByCpfUseCase.ts
FN:10,(anonymous_4)
FN:16,(anonymous_5)
FNF:2
FNH:0
FNDA:0,(anonymous_4)
FNDA:0,(anonymous_5)
DA:1,0
DA:2,0
DA:3,0
DA:7,0
DA:13,0
DA:17,0
DA:18,0
DA:19,0
DA:20,0
LF:9
LH:0
BRDA:18,0,0,0
BRF:1
BRH:0
end_of_record
TN:
SF:src/useCases/professional/GetProfessionalByIdUseCase.ts
FN:10,(anonymous_4)
FN:16,(anonymous_5)
FNF:2
FNH:0
FNDA:0,(anonymous_4)
FNDA:0,(anonymous_5)
DA:1,0
DA:2,0
DA:3,0
DA:7,0
DA:13,0
DA:17,0
DA:18,0
DA:19,0
DA:20,0
LF:9
LH:0
BRDA:18,0,0,0
BRF:1
BRH:0
end_of_record
TN:
SF:src/useCases/professional/GetProfessionalByNameUseCase.ts
FN:10,(anonymous_4)
FN:16,(anonymous_5)
FNF:2
FNH:0
FNDA:0,(anonymous_4)
FNDA:0,(anonymous_5)
DA:1,0
DA:2,0
DA:3,0
DA:7,0
DA:13,0
DA:17,0
LF:6
LH:0
BRF:0
BRH:0
end_of_record
TN:
SF:src/useCases/professional/GetProfessionalsUseCase.ts
FN:10,(anonymous_4)
FN:16,(anonymous_5)
FNF:2
FNH:0
FNDA:0,(anonymous_4)
FNDA:0,(anonymous_5)
DA:1,0
DA:2,0
DA:3,0
DA:7,0
DA:13,0
DA:17,0
DA:18,0
LF:7
LH:0
BRF:0
BRH:0
end_of_record
TN:
SF:src/useCases/professional/InitializeAdminUseCase.ts
FN:9,(anonymous_5)
FN:16,(anonymous_6)
FN:22,(anonymous_7)
FN:24,(anonymous_8)
FN:27,(anonymous_9)
FN:47,(anonymous_10)
FN:48,(anonymous_11)
FN:53,(anonymous_12)
FNF:8
FNH:0
FNDA:0,(anonymous_5)
FNDA:0,(anonymous_6)
FNDA:0,(anonymous_7)
FNDA:0,(anonymous_8)
FNDA:0,(anonymous_9)
FNDA:0,(anonymous_10)
FNDA:0,(anonymous_11)
FNDA:0,(anonymous_12)
DA:1,0
DA:2,0
DA:3,0
DA:4,0
DA:5,0
DA:8,0
DA:11,0
DA:13,0
DA:17,0
DA:18,0
DA:23,0
DA:24,0
DA:28,0
DA:30,0
DA:32,0
DA:33,0
DA:35,0
DA:44,0
DA:48,0
DA:49,0
DA:54,0
DA:55,0
DA:56,0
DA:57,0
DA:59,0
LF:25
LH:0
BRDA:17,0,0,0
BRDA:48,1,0,0
BRDA:55,2,0,0
BRF:3
BRH:0
end_of_record
TN:
SF:src/useCases/professional/LoginProfessionalUseCase.ts
FN:17,(anonymous_5)
FN:23,(anonymous_6)
FNF:2
FNH:0
FNDA:0,(anonymous_5)
FNDA:0,(anonymous_6)
DA:1,0
DA:2,0
DA:3,0
DA:4,0
DA:5,0
DA:14,0
DA:20,0
DA:24,0
DA:25,0
DA:28,0
DA:29,0
DA:30,0
DA:33,0
DA:34,0
DA:35,0
DA:38,0
DA:41,0
DA:42,0
DA:44,0
DA:56,0
LF:20
LH:0
BRDA:24,0,0,0
BRDA:24,1,0,0
BRDA:24,1,1,0
BRDA:29,2,0,0
BRDA:34,3,0,0
BRDA:41,4,0,0
BRDA:41,4,1,0
BRF:7
BRH:0
end_of_record
TN:
SF:src/useCases/professional/SetAttendanceModeUseCase.ts
FN:11,(anonymous_4)
FN:17,(anonymous_5)
FNF:2
FNH:0
FNDA:0,(anonymous_4)
FNDA:0,(anonymous_5)
DA:1,0
DA:2,0
DA:3,0
DA:8,0
DA:14,0
DA:18,0
DA:20,0
DA:21,0
DA:22,0
DA:25,0
DA:26,0
DA:27,0
DA:29,0
DA:30,0
DA:31,0
DA:35,0
DA:36,0
DA:37,0
LF:18
LH:0
BRDA:21,0,0,0
BRDA:25,1,0,0
BRDA:25,1,1,0
BRDA:26,2,0,0
BRDA:29,3,0,0
BRDA:30,4,0,0
BRF:6
BRH:0
end_of_record
TN:
SF:src/useCases/professional/SetOfficeUseCase.ts
FN:10,(anonymous_4)
FN:16,(anonymous_5)
FNF:2
FNH:0
FNDA:0,(anonymous_4)
FNDA:0,(anonymous_5)
DA:1,0
DA:2,0
DA:3,0
DA:7,0
DA:13,0
DA:17,0
DA:19,0
DA:21,0
DA:22,0
DA:23,0
LF:10
LH:0
BRDA:17,0,0,0
BRDA:17,1,0,0
BRDA:17,1,1,0
BRDA:17,1,2,0
BRDA:17,1,3,0
BRF:5
BRH:0
end_of_record
TN:
SF:src/useCases/professional/UpdateProfessionalByIdUseCase.ts
FN:15,(anonymous_5)
FN:23,(anonymous_6)
FN:43,(anonymous_7)
FN:44,(anonymous_8)
FNF:4
FNH:0
FNDA:0,(anonymous_5)
FNDA:0,(anonymous_6)
FNDA:0,(anonymous_7)
FNDA:0,(anonymous_8)
DA:1,0
DA:2,0
DA:3,0
DA:4,0
DA:6,0
DA:11,0
DA:19,0
DA:20,0
DA:25,0
DA:26,0
DA:27,0
DA:31,0
DA:32,0
DA:33,0
DA:34,0
DA:36,0
DA:37,0
DA:39,0
DA:40,0
DA:41,0
DA:43,0
DA:44,0
DA:47,0
DA:48,0
DA:52,0
DA:64,0
DA:65,0
DA:68,0
DA:69,0
DA:70,0
DA:71,0
DA:75,0
DA:77,0
DA:78,0
DA:79,0
DA:81,0
DA:83,0
DA:84,0
DA:86,0
DA:87,0
DA:88,0
DA:91,0
DA:92,0
DA:94,0
DA:98,0
DA:99,0
LF:46
LH:0
BRDA:26,0,0,0
BRDA:31,1,0,0
BRDA:31,1,1,0
BRDA:33,2,0,0
BRDA:36,3,0,0
BRDA:39,4,0,0
BRDA:47,5,0,0
BRDA:64,6,0,0
BRDA:64,7,0,0
BRDA:64,7,1,0
BRDA:68,8,0,0
BRDA:70,9,0,0
BRDA:70,10,0,0
BRDA:70,10,1,0
BRDA:78,11,0,0
BRDA:86,12,0,0
BRDA:87,13,0,0
BRDA:87,14,0,0
BRDA:87,14,1,0
BRDA:87,14,2,0
BRDA:87,14,3,0
BRDA:91,15,0,0
BRDA:91,15,1,0
BRF:23
BRH:0
end_of_record
TN:
SF:src/useCases/professional/VerifyLocalAdminAccessUseCase.ts
FN:11,(anonymous_4)
FN:17,(anonymous_5)
FN:31,(anonymous_6)
FNF:3
FNH:0
FNDA:0,(anonymous_4)
FNDA:0,(anonymous_5)
FNDA:0,(anonymous_6)
DA:1,0
DA:2,0
DA:3,0
DA:4,0
DA:8,0
DA:14,0
DA:19,0
DA:21,0
DA:22,0
DA:26,0
DA:27,0
DA:31,0
DA:33,0
LF:13
LH:0
BRDA:21,0,0,0
BRDA:26,1,0,0
BRF:2
BRH:0
end_of_record
TN:
SF:src/useCases/resports/GetCityAttendanceReportUseCase.ts
FN:17,(anonymous_4)
FN:27,(anonymous_5)
FN:73,(anonymous_6)
FN:88,(anonymous_7)
FNF:4
FNH:0
FNDA:0,(anonymous_4)
FNDA:0,(anonymous_5)
FNDA:0,(anonymous_6)
FNDA:0,(anonymous_7)
DA:1,0
DA:2,0
DA:3,0
DA:4,0
DA:5,0
DA:6,0
DA:12,0
DA:22,0
DA:23,0
DA:24,0
DA:28,0
DA:31,0
DA:32,0
DA:33,0
DA:37,0
DA:41,0
DA:42,0
DA:46,0
DA:47,0
DA:48,0
DA:52,0
DA:53,0
DA:55,0
DA:56,0
DA:60,0
DA:68,0
DA:69,0
DA:72,0
DA:73,0
DA:76,0
DA:77,0
DA:80,0
DA:88,0
DA:90,0
DA:91,0
DA:92,0
DA:93,0
DA:94,0
DA:95,0
DA:99,0
DA:104,0
LF:41
LH:0
BRDA:32,0,0,0
BRDA:37,1,0,0
BRDA:37,1,1,0
BRDA:37,1,2,0
BRDA:37,1,3,0
BRDA:41,2,0,0
BRDA:47,3,0,0
BRDA:55,4,0,0
BRDA:55,5,0,0
BRDA:55,5,1,0
BRDA:68,6,0,0
BRDA:68,6,1,0
BRDA:91,7,0,0
BRDA:91,7,1,0
BRDA:92,8,0,0
BRDA:92,8,1,0
BRDA:93,9,0,0
BRDA:93,9,1,0
BRDA:94,10,0,0
BRDA:94,10,1,0
BRDA:95,11,0,0
BRDA:99,12,0,0
BRDA:99,12,1,0
BRF:23
BRH:0
end_of_record
TN:
SF:src/useCases/resports/GetHealthUnitAttendanceReportUseCase.ts
FN:18,(anonymous_4)
FN:30,(anonymous_5)
FN:134,(anonymous_6)
FN:145,(anonymous_7)
FNF:4
FNH:0
FNDA:0,(anonymous_4)
FNDA:0,(anonymous_5)
FNDA:0,(anonymous_6)
FNDA:0,(anonymous_7)
DA:1,0
DA:2,0
DA:3,0
DA:4,0
DA:5,0
DA:6,0
DA:9,0
DA:12,0
DA:24,0
DA:25,0
DA:26,0
DA:27,0
DA:31,0
DA:34,0
DA:35,0
DA:39,0
DA:40,0
DA:41,0
DA:45,0
DA:46,0
DA:47,0
DA:51,0
DA:53,0
DA:55,0
DA:57,0
DA:59,0
DA:61,0
DA:63,0
DA:67,0
DA:70,0
DA:71,0
DA:75,0
DA:76,0
DA:78,0
DA:79,0
DA:82,0
DA:83,0
DA:87,0
DA:94,0
DA:96,0
DA:97,0
DA:98,0
DA:102,0
DA:107,0
DA:108,0
DA:111,0
DA:115,0
DA:118,0
DA:121,0
DA:122,0
DA:124,0
DA:125,0
DA:126,0
DA:127,0
DA:128,0
DA:133,0
DA:134,0
DA:137,0
DA:145,0
DA:147,0
DA:148,0
DA:149,0
DA:150,0
DA:151,0
DA:152,0
DA:157,0
DA:160,0
LF:67
LH:0
BRDA:34,0,0,0
BRDA:34,1,0,0
BRDA:34,1,1,0
BRDA:40,2,0,0
BRDA:46,3,0,0
BRDA:53,4,0,0
BRDA:53,4,1,0
BRDA:57,5,0,0
BRDA:57,5,1,0
BRDA:61,6,0,0
BRDA:61,6,1,0
BRDA:70,7,0,0
BRDA:78,8,0,0
BRDA:78,9,0,0
BRDA:78,9,1,0
BRDA:82,10,0,0
BRDA:94,11,0,0
BRDA:97,12,0,0
BRDA:107,13,0,0
BRDA:118,14,0,0
BRDA:118,14,1,0
BRDA:124,15,0,0
BRDA:126,16,0,0
BRDA:148,17,0,0
BRDA:148,17,1,0
BRDA:149,18,0,0
BRDA:149,18,1,0
BRDA:150,19,0,0
BRDA:150,19,1,0
BRDA:151,20,0,0
BRDA:151,20,1,0
BRDA:152,21,0,0
BRF:32
BRH:0
end_of_record
TN:
SF:src/utils/emailValidator.ts
FN:1,(anonymous_0)
FNF:1
FNH:0
FNDA:0,(anonymous_0)
DA:1,0
DA:2,0
DA:3,0
LF:3
LH:0
BRF:0
BRH:0
end_of_record
